# JRE version: OpenJDK Runtime Environment (11.0.10) (build 11.0.10+0-b96-7249189)
# Java VM: OpenJDK 64-Bit Server VM (11.0.10+0-b96-7249189, mixed mode, tiered, compressed oops, g1 gc, windows-amd64)
Heap:
 garbage-first heap   total 182272K, used 109151K [0x0000000080000000, 0x0000000100000000)
  region size 1024K, 6 young (6144K), 1 survivors (1024K)
 Metaspace       used 103141K, capacity 105465K, committed 105728K, reserved 1140736K
  class space    used 12951K, capacity 13785K, committed 13824K, reserved 1048576K
GC Heap History (20 events):
Event: 199.645 GC heap before
{Heap before GC invocations=90 (full 0):
 garbage-first heap   total 182272K, used 140554K [0x0000000080000000, 0x0000000100000000)
  region size 1024K, 48 young (49152K), 1 survivors (1024K)
 Metaspace       used 96993K, capacity 99180K, committed 99456K, reserved 1136640K
  class space    used 12317K, capacity 13098K, committed 13184K, reserved 1048576K
}
Event: 199.670 GC heap after
{Heap after GC invocations=91 (full 0):
 garbage-first heap   total 182272K, used 95221K [0x0000000080000000, 0x0000000100000000)
  region size 1024K, 4 young (4096K), 4 survivors (4096K)
 Metaspace       used 96993K, capacity 99180K, committed 99456K, reserved 1136640K
  class space    used 12317K, capacity 13098K, committed 13184K, reserved 1048576K
}
Event: 202.797 GC heap before
{Heap before GC invocations=92 (full 0):
 garbage-first heap   total 182272K, used 139253K [0x0000000080000000, 0x0000000100000000)
  region size 1024K, 47 young (48128K), 4 survivors (4096K)
 Metaspace       used 99368K, capacity 101456K, committed 101760K, reserved 1138688K
  class space    used 12583K, capacity 13342K, committed 13440K, reserved 1048576K
}
Event: 202.832 GC heap after
{Heap after GC invocations=93 (full 0):
 garbage-first heap   total 182272K, used 99122K [0x0000000080000000, 0x0000000100000000)
  region size 1024K, 4 young (4096K), 4 survivors (4096K)
 Metaspace       used 99368K, capacity 101456K, committed 101760K, reserved 1138688K
  class space    used 12583K, capacity 13342K, committed 13440K, reserved 1048576K
}
Event: 205.150 GC heap before
{Heap before GC invocations=93 (full 0):
 garbage-first heap   total 182272K, used 102194K [0x0000000080000000, 0x0000000100000000)
  region size 1024K, 8 young (8192K), 4 survivors (4096K)
 Metaspace       used 99489K, capacity 101586K, committed 101760K, reserved 1138688K
  class space    used 12600K, capacity 13406K, committed 13440K, reserved 1048576K
}
Event: 205.187 GC heap after
{Heap after GC invocations=94 (full 0):
 garbage-first heap   total 182272K, used 99182K [0x0000000080000000, 0x0000000100000000)
  region size 1024K, 1 young (1024K), 1 survivors (1024K)
 Metaspace       used 99489K, capacity 101586K, committed 101760K, reserved 1138688K
  class space    used 12600K, capacity 13406K, committed 13440K, reserved 1048576K
}
Event: 249.954 GC heap before
{Heap before GC invocations=94 (full 0):
 garbage-first heap   total 182272K, used 142190K [0x0000000080000000, 0x0000000100000000)
  region size 1024K, 44 young (45056K), 1 survivors (1024K)
 Metaspace       used 101922K, capacity 104209K, committed 104448K, reserved 1140736K
  class space    used 12928K, capacity 13747K, committed 13824K, reserved 1048576K
}
Event: 249.997 GC heap after
{Heap after GC invocations=95 (full 0):
 garbage-first heap   total 182272K, used 101230K [0x0000000080000000, 0x0000000100000000)
  region size 1024K, 3 young (3072K), 3 survivors (3072K)
 Metaspace       used 101922K, capacity 104209K, committed 104448K, reserved 1140736K
  class space    used 12928K, capacity 13747K, committed 13824K, reserved 1048576K
}
Event: 260.486 GC heap before
{Heap before GC invocations=96 (full 0):
 garbage-first heap   total 182272K, used 152430K [0x0000000080000000, 0x0000000100000000)
  region size 1024K, 46 young (47104K), 3 survivors (3072K)
 Metaspace       used 102444K, capacity 104698K, committed 104960K, reserved 1140736K
  class space    used 12936K, capacity 13761K, committed 13824K, reserved 1048576K
}
Event: 260.538 GC heap after
{Heap after GC invocations=97 (full 0):
 garbage-first heap   total 182272K, used 105045K [0x0000000080000000, 0x0000000100000000)
  region size 1024K, 6 young (6144K), 6 survivors (6144K)
 Metaspace       used 102444K, capacity 104698K, committed 104960K, reserved 1140736K
  class space    used 12936K, capacity 13761K, committed 13824K, reserved 1048576K
}
Event: 260.659 GC heap before
{Heap before GC invocations=97 (full 0):
 garbage-first heap   total 182272K, used 107093K [0x0000000080000000, 0x0000000100000000)
  region size 1024K, 8 young (8192K), 6 survivors (6144K)
 Metaspace       used 102450K, capacity 104762K, committed 104960K, reserved 1140736K
  class space    used 12936K, capacity 13761K, committed 13824K, reserved 1048576K
}
Event: 260.693 GC heap after
{Heap after GC invocations=98 (full 0):
 garbage-first heap   total 182272K, used 101975K [0x0000000080000000, 0x0000000100000000)
  region size 1024K, 1 young (1024K), 1 survivors (1024K)
 Metaspace       used 102450K, capacity 104762K, committed 104960K, reserved 1140736K
  class space    used 12936K, capacity 13761K, committed 13824K, reserved 1048576K
}
Event: 299.381 GC heap before
{Heap before GC invocations=98 (full 0):
 garbage-first heap   total 182272K, used 146007K [0x0000000080000000, 0x0000000100000000)
  region size 1024K, 44 young (45056K), 1 survivors (1024K)
 Metaspace       used 102743K, capacity 105094K, committed 105216K, reserved 1140736K
  class space    used 12947K, capacity 13777K, committed 13824K, reserved 1048576K
}
Event: 299.429 GC heap after
{Heap after GC invocations=99 (full 0):
 garbage-first heap   total 182272K, used 103837K [0x0000000080000000, 0x0000000100000000)
  region size 1024K, 3 young (3072K), 3 survivors (3072K)
 Metaspace       used 102743K, capacity 105094K, committed 105216K, reserved 1140736K
  class space    used 12947K, capacity 13777K, committed 13824K, reserved 1048576K
}
Event: 304.835 GC heap before
{Heap before GC invocations=99 (full 0):
 garbage-first heap   total 182272K, used 132509K [0x0000000080000000, 0x0000000100000000)
  region size 1024K, 32 young (32768K), 3 survivors (3072K)
 Metaspace       used 102954K, capacity 105304K, committed 105472K, reserved 1140736K
  class space    used 12948K, capacity 13779K, committed 13824K, reserved 1048576K
}
Event: 304.885 GC heap after
{Heap after GC invocations=100 (full 0):
 garbage-first heap   total 182272K, used 106789K [0x0000000080000000, 0x0000000100000000)
  region size 1024K, 6 young (6144K), 6 survivors (6144K)
 Metaspace       used 102954K, capacity 105304K, committed 105472K, reserved 1140736K
  class space    used 12948K, capacity 13779K, committed 13824K, reserved 1048576K
}
Event: 314.408 GC heap before
{Heap before GC invocations=101 (full 0):
 garbage-first heap   total 182272K, used 151845K [0x0000000080000000, 0x0000000100000000)
  region size 1024K, 43 young (44032K), 6 survivors (6144K)
 Metaspace       used 103129K, capacity 105459K, committed 105728K, reserved 1140736K
  class space    used 12950K, capacity 13784K, committed 13824K, reserved 1048576K
}
Event: 314.479 GC heap after
{Heap after GC invocations=102 (full 0):
 garbage-first heap   total 182272K, used 110421K [0x0000000080000000, 0x0000000100000000)
  region size 1024K, 4 young (4096K), 4 survivors (4096K)
 Metaspace       used 103129K, capacity 105459K, committed 105728K, reserved 1140736K
  class space    used 12950K, capacity 13784K, committed 13824K, reserved 1048576K
}
Event: 314.766 GC heap before
{Heap before GC invocations=102 (full 0):
 garbage-first heap   total 182272K, used 114517K [0x0000000080000000, 0x0000000100000000)
  region size 1024K, 8 young (8192K), 4 survivors (4096K)
 Metaspace       used 103133K, capacity 105459K, committed 105728K, reserved 1140736K
  class space    used 12951K, capacity 13784K, committed 13824K, reserved 1048576K
}
Event: 314.818 GC heap after
{Heap after GC invocations=103 (full 0):
 garbage-first heap   total 182272K, used 105055K [0x0000000080000000, 0x0000000100000000)
  region size 1024K, 1 young (1024K), 1 survivors (1024K)
 Metaspace       used 103133K, capacity 105459K, committed 105728K, reserved 1140736K
  class space    used 12951K, capacity 13784K, committed 13824K, reserved 1048576K
}

