# JRE version: OpenJDK Runtime Environment (11.0.10) (build 11.0.10+0-b96-7249189)
# Java VM: OpenJDK 64-Bit Server VM (11.0.10+0-b96-7249189, mixed mode, tiered, compressed oops, g1 gc, windows-amd64)
Heap:
 garbage-first heap   total 103424K, used 65910K [0x00000000d0800000, 0x0000000100000000)
  region size 1024K, 6 young (6144K), 3 survivors (3072K)
 Metaspace       used 72454K, capacity 73248K, committed 73344K, reserved 1114112K
  class space    used 7937K, capacity 8257K, committed 8320K, reserved 1048576K
GC Heap History (20 events):
Event: 16.999 GC heap before
{Heap before GC invocations=23 (full 0):
 garbage-first heap   total 86016K, used 58290K [0x00000000d0800000, 0x0000000100000000)
  region size 1024K, 21 young (21504K), 3 survivors (3072K)
 Metaspace       used 56182K, capacity 56838K, committed 56960K, reserved 1099776K
  class space    used 6462K, capacity 6744K, committed 6784K, reserved 1048576K
}
Event: 17.023 GC heap after
{Heap after GC invocations=24 (full 0):
 garbage-first heap   total 86016K, used 42684K [0x00000000d0800000, 0x0000000100000000)
  region size 1024K, 3 young (3072K), 3 survivors (3072K)
 Metaspace       used 56182K, capacity 56838K, committed 56960K, reserved 1099776K
  class space    used 6462K, capacity 6744K, committed 6784K, reserved 1048576K
}
Event: 18.388 GC heap before
{Heap before GC invocations=24 (full 0):
 garbage-first heap   total 86016K, used 61116K [0x00000000d0800000, 0x0000000100000000)
  region size 1024K, 21 young (21504K), 3 survivors (3072K)
 Metaspace       used 57865K, capacity 58627K, committed 58880K, reserved 1101824K
  class space    used 6621K, capacity 6911K, committed 6912K, reserved 1048576K
}
Event: 18.417 GC heap after
{Heap after GC invocations=25 (full 0):
 garbage-first heap   total 86016K, used 45776K [0x00000000d0800000, 0x0000000100000000)
  region size 1024K, 3 young (3072K), 3 survivors (3072K)
 Metaspace       used 57865K, capacity 58627K, committed 58880K, reserved 1101824K
  class space    used 6621K, capacity 6911K, committed 6912K, reserved 1048576K
}
Event: 19.375 GC heap before
{Heap before GC invocations=26 (full 0):
 garbage-first heap   total 86016K, used 63184K [0x00000000d0800000, 0x0000000100000000)
  region size 1024K, 20 young (20480K), 3 survivors (3072K)
 Metaspace       used 57948K, capacity 58755K, committed 58880K, reserved 1101824K
  class space    used 6622K, capacity 6911K, committed 6912K, reserved 1048576K
}
Event: 19.403 GC heap after
{Heap after GC invocations=27 (full 0):
 garbage-first heap   total 86016K, used 49152K [0x00000000d0800000, 0x0000000100000000)
  region size 1024K, 3 young (3072K), 3 survivors (3072K)
 Metaspace       used 57948K, capacity 58755K, committed 58880K, reserved 1101824K
  class space    used 6622K, capacity 6911K, committed 6912K, reserved 1048576K
}
Event: 19.735 GC heap before
{Heap before GC invocations=27 (full 0):
 garbage-first heap   total 86016K, used 65536K [0x00000000d0800000, 0x0000000100000000)
  region size 1024K, 19 young (19456K), 3 survivors (3072K)
 Metaspace       used 58401K, capacity 59160K, committed 59264K, reserved 1101824K
  class space    used 6685K, capacity 6961K, committed 7040K, reserved 1048576K
}
Event: 19.756 GC heap after
{Heap after GC invocations=28 (full 0):
 garbage-first heap   total 103424K, used 50455K [0x00000000d0800000, 0x0000000100000000)
  region size 1024K, 1 young (1024K), 1 survivors (1024K)
 Metaspace       used 58401K, capacity 59160K, committed 59264K, reserved 1101824K
  class space    used 6685K, capacity 6961K, committed 7040K, reserved 1048576K
}
Event: 22.114 GC heap before
{Heap before GC invocations=29 (full 0):
 garbage-first heap   total 103424K, used 71959K [0x00000000d0800000, 0x0000000100000000)
  region size 1024K, 22 young (22528K), 1 survivors (1024K)
 Metaspace       used 61282K, capacity 62093K, committed 62208K, reserved 1103872K
  class space    used 7081K, capacity 7405K, committed 7424K, reserved 1048576K
}
Event: 22.138 GC heap after
{Heap after GC invocations=30 (full 0):
 garbage-first heap   total 103424K, used 54138K [0x00000000d0800000, 0x0000000100000000)
  region size 1024K, 3 young (3072K), 3 survivors (3072K)
 Metaspace       used 61282K, capacity 62093K, committed 62208K, reserved 1103872K
  class space    used 7081K, capacity 7405K, committed 7424K, reserved 1048576K
}
Event: 25.028 GC heap before
{Heap before GC invocations=30 (full 0):
 garbage-first heap   total 103424K, used 74618K [0x00000000d0800000, 0x0000000100000000)
  region size 1024K, 23 young (23552K), 3 survivors (3072K)
 Metaspace       used 63444K, capacity 64250K, committed 64384K, reserved 1105920K
  class space    used 7150K, capacity 7456K, committed 7552K, reserved 1048576K
}
Event: 25.067 GC heap after
{Heap after GC invocations=31 (full 0):
 garbage-first heap   total 103424K, used 56852K [0x00000000d0800000, 0x0000000100000000)
  region size 1024K, 3 young (3072K), 3 survivors (3072K)
 Metaspace       used 63444K, capacity 64250K, committed 64384K, reserved 1105920K
  class space    used 7150K, capacity 7456K, committed 7552K, reserved 1048576K
}
Event: 27.471 GC heap before
{Heap before GC invocations=32 (full 0):
 garbage-first heap   total 103424K, used 77332K [0x00000000d0800000, 0x0000000100000000)
  region size 1024K, 23 young (23552K), 3 survivors (3072K)
 Metaspace       used 64888K, capacity 65718K, committed 66048K, reserved 1107968K
  class space    used 7249K, capacity 7558K, committed 7680K, reserved 1048576K
}
Event: 27.496 GC heap after
{Heap after GC invocations=33 (full 0):
 garbage-first heap   total 103424K, used 59119K [0x00000000d0800000, 0x0000000100000000)
  region size 1024K, 3 young (3072K), 3 survivors (3072K)
 Metaspace       used 64888K, capacity 65718K, committed 66048K, reserved 1107968K
  class space    used 7249K, capacity 7558K, committed 7680K, reserved 1048576K
}
Event: 29.748 GC heap before
{Heap before GC invocations=33 (full 0):
 garbage-first heap   total 103424K, used 78575K [0x00000000d0800000, 0x0000000100000000)
  region size 1024K, 22 young (22528K), 3 survivors (3072K)
 Metaspace       used 66096K, capacity 66912K, committed 67072K, reserved 1107968K
  class space    used 7338K, capacity 7656K, committed 7680K, reserved 1048576K
}
Event: 29.773 GC heap after
{Heap after GC invocations=34 (full 0):
 garbage-first heap   total 103424K, used 61603K [0x00000000d0800000, 0x0000000100000000)
  region size 1024K, 3 young (3072K), 3 survivors (3072K)
 Metaspace       used 66096K, capacity 66912K, committed 67072K, reserved 1107968K
  class space    used 7338K, capacity 7656K, committed 7680K, reserved 1048576K
}
Event: 31.729 GC heap before
{Heap before GC invocations=35 (full 0):
 garbage-first heap   total 103424K, used 81059K [0x00000000d0800000, 0x0000000100000000)
  region size 1024K, 22 young (22528K), 3 survivors (3072K)
 Metaspace       used 69092K, capacity 69878K, committed 70016K, reserved 1112064K
  class space    used 7649K, capacity 7966K, committed 8064K, reserved 1048576K
}
Event: 31.749 GC heap after
{Heap after GC invocations=36 (full 0):
 garbage-first heap   total 103424K, used 62935K [0x00000000d0800000, 0x0000000100000000)
  region size 1024K, 2 young (2048K), 2 survivors (2048K)
 Metaspace       used 69092K, capacity 69878K, committed 70016K, reserved 1112064K
  class space    used 7649K, capacity 7966K, committed 8064K, reserved 1048576K
}
Event: 33.282 GC heap before
{Heap before GC invocations=36 (full 0):
 garbage-first heap   total 103424K, used 82391K [0x00000000d0800000, 0x0000000100000000)
  region size 1024K, 21 young (21504K), 2 survivors (2048K)
 Metaspace       used 72237K, capacity 73024K, committed 73344K, reserved 1114112K
  class space    used 7921K, capacity 8225K, committed 8320K, reserved 1048576K
}
Event: 33.309 GC heap after
{Heap after GC invocations=37 (full 0):
 garbage-first heap   total 103424K, used 63862K [0x00000000d0800000, 0x0000000100000000)
  region size 1024K, 3 young (3072K), 3 survivors (3072K)
 Metaspace       used 72237K, capacity 73024K, committed 73344K, reserved 1114112K
  class space    used 7921K, capacity 8225K, committed 8320K, reserved 1048576K
}

