# JRE version: OpenJDK Runtime Environment (11.0.10) (build 11.0.10+0-b96-7249189)
# Java VM: OpenJDK 64-Bit Server VM (11.0.10+0-b96-7249189, mixed mode, tiered, compressed oops, g1 gc, windows-amd64)
Heap:
 garbage-first heap   total 103424K, used 55296K [0x00000000d0800000, 0x0000000100000000)
  region size 1024K, 1 young (1024K), 1 survivors (1024K)
 Metaspace       used 64942K, capacity 65736K, committed 65792K, reserved 1110016K
  class space    used 7353K, capacity 7677K, committed 7680K, reserved 1048576K
GC Heap History (20 events):
Event: 25.963 GC heap after
{Heap after GC invocations=26 (full 0):
 garbage-first heap   total 59392K, used 42824K [0x00000000d0800000, 0x0000000100000000)
  region size 1024K, 1 young (1024K), 1 survivors (1024K)
 Metaspace       used 54876K, capacity 55566K, committed 55808K, reserved 1097728K
  class space    used 6341K, capacity 6594K, committed 6656K, reserved 1048576K
}
Event: 26.625 GC heap before
{Heap before GC invocations=27 (full 0):
 garbage-first heap   total 59392K, used 48968K [0x00000000d0800000, 0x0000000100000000)
  region size 1024K, 7 young (7168K), 1 survivors (1024K)
 Metaspace       used 55295K, capacity 55943K, committed 56064K, reserved 1099776K
  class space    used 6375K, capacity 6631K, committed 6656K, reserved 1048576K
}
Event: 26.637 GC heap after
{Heap after GC invocations=28 (full 0):
 garbage-first heap   total 59392K, used 43286K [0x00000000d0800000, 0x0000000100000000)
  region size 1024K, 1 young (1024K), 1 survivors (1024K)
 Metaspace       used 55295K, capacity 55943K, committed 56064K, reserved 1099776K
  class space    used 6375K, capacity 6631K, committed 6656K, reserved 1048576K
}
Event: 26.974 GC heap before
{Heap before GC invocations=28 (full 0):
 garbage-first heap   total 59392K, used 49430K [0x00000000d0800000, 0x0000000100000000)
  region size 1024K, 7 young (7168K), 1 survivors (1024K)
 Metaspace       used 55871K, capacity 56536K, committed 56704K, reserved 1099776K
  class space    used 6436K, capacity 6700K, committed 6784K, reserved 1048576K
}
Event: 26.985 GC heap after
{Heap after GC invocations=29 (full 0):
 garbage-first heap   total 71680K, used 44002K [0x00000000d0800000, 0x0000000100000000)
  region size 1024K, 1 young (1024K), 1 survivors (1024K)
 Metaspace       used 55871K, capacity 56536K, committed 56704K, reserved 1099776K
  class space    used 6436K, capacity 6700K, committed 6784K, reserved 1048576K
}
Event: 27.666 GC heap before
{Heap before GC invocations=30 (full 0):
 garbage-first heap   total 71680K, used 53218K [0x00000000d0800000, 0x0000000100000000)
  region size 1024K, 11 young (11264K), 1 survivors (1024K)
 Metaspace       used 56562K, capacity 57189K, committed 57216K, reserved 1099776K
  class space    used 6519K, capacity 6768K, committed 6784K, reserved 1048576K
}
Event: 27.678 GC heap after
{Heap after GC invocations=31 (full 0):
 garbage-first heap   total 71680K, used 44731K [0x00000000d0800000, 0x0000000100000000)
  region size 1024K, 2 young (2048K), 2 survivors (2048K)
 Metaspace       used 56562K, capacity 57189K, committed 57216K, reserved 1099776K
  class space    used 6519K, capacity 6768K, committed 6784K, reserved 1048576K
}
Event: 28.749 GC heap before
{Heap before GC invocations=31 (full 0):
 garbage-first heap   total 71680K, used 53947K [0x00000000d0800000, 0x0000000100000000)
  region size 1024K, 12 young (12288K), 2 survivors (2048K)
 Metaspace       used 58901K, capacity 59566K, committed 59648K, reserved 1101824K
  class space    used 6862K, capacity 7156K, committed 7168K, reserved 1048576K
}
Event: 28.761 GC heap after
{Heap after GC invocations=32 (full 0):
 garbage-first heap   total 71680K, used 45639K [0x00000000d0800000, 0x0000000100000000)
  region size 1024K, 2 young (2048K), 2 survivors (2048K)
 Metaspace       used 58901K, capacity 59566K, committed 59648K, reserved 1101824K
  class space    used 6862K, capacity 7156K, committed 7168K, reserved 1048576K
}
Event: 30.371 GC heap before
{Heap before GC invocations=33 (full 0):
 garbage-first heap   total 71680K, used 55879K [0x00000000d0800000, 0x0000000100000000)
  region size 1024K, 12 young (12288K), 2 survivors (2048K)
 Metaspace       used 60144K, capacity 60863K, committed 61056K, reserved 1103872K
  class space    used 6982K, capacity 7261K, committed 7296K, reserved 1048576K
}
Event: 30.398 GC heap after
{Heap after GC invocations=34 (full 0):
 garbage-first heap   total 71680K, used 47078K [0x00000000d0800000, 0x0000000100000000)
  region size 1024K, 2 young (2048K), 2 survivors (2048K)
 Metaspace       used 60144K, capacity 60863K, committed 61056K, reserved 1103872K
  class space    used 6982K, capacity 7261K, committed 7296K, reserved 1048576K
}
Event: 31.094 GC heap before
{Heap before GC invocations=34 (full 0):
 garbage-first heap   total 71680K, used 57318K [0x00000000d0800000, 0x0000000100000000)
  region size 1024K, 12 young (12288K), 2 survivors (2048K)
 Metaspace       used 60294K, capacity 61010K, committed 61056K, reserved 1103872K
  class space    used 6984K, capacity 7264K, committed 7296K, reserved 1048576K
}
Event: 31.119 GC heap after
{Heap after GC invocations=35 (full 0):
 garbage-first heap   total 86016K, used 49248K [0x00000000d0800000, 0x0000000100000000)
  region size 1024K, 2 young (2048K), 2 survivors (2048K)
 Metaspace       used 60294K, capacity 61010K, committed 61056K, reserved 1103872K
  class space    used 6984K, capacity 7264K, committed 7296K, reserved 1048576K
}
Event: 32.071 GC heap before
{Heap before GC invocations=36 (full 0):
 garbage-first heap   total 86016K, used 62560K [0x00000000d0800000, 0x0000000100000000)
  region size 1024K, 15 young (15360K), 2 survivors (2048K)
 Metaspace       used 60358K, capacity 61075K, committed 61312K, reserved 1103872K
  class space    used 6985K, capacity 7264K, committed 7296K, reserved 1048576K
}
Event: 32.092 GC heap after
{Heap after GC invocations=37 (full 0):
 garbage-first heap   total 86016K, used 51735K [0x00000000d0800000, 0x0000000100000000)
  region size 1024K, 2 young (2048K), 2 survivors (2048K)
 Metaspace       used 60358K, capacity 61075K, committed 61312K, reserved 1103872K
  class space    used 6985K, capacity 7264K, committed 7296K, reserved 1048576K
}
Event: 33.323 GC heap before
{Heap before GC invocations=37 (full 0):
 garbage-first heap   total 86016K, used 65047K [0x00000000d0800000, 0x0000000100000000)
  region size 1024K, 15 young (15360K), 2 survivors (2048K)
 Metaspace       used 60992K, capacity 61690K, committed 61952K, reserved 1103872K
  class space    used 7038K, capacity 7335K, committed 7424K, reserved 1048576K
}
Event: 33.345 GC heap after
{Heap after GC invocations=38 (full 0):
 garbage-first heap   total 86016K, used 54150K [0x00000000d0800000, 0x0000000100000000)
  region size 1024K, 2 young (2048K), 2 survivors (2048K)
 Metaspace       used 60992K, capacity 61690K, committed 61952K, reserved 1103872K
  class space    used 7038K, capacity 7335K, committed 7424K, reserved 1048576K
}
Event: 34.705 GC heap before
{Heap before GC invocations=39 (full 0):
 garbage-first heap   total 86016K, used 65414K [0x00000000d0800000, 0x0000000100000000)
  region size 1024K, 14 young (14336K), 2 survivors (2048K)
 Metaspace       used 63696K, capacity 64470K, committed 64768K, reserved 1105920K
  class space    used 7283K, capacity 7576K, committed 7680K, reserved 1048576K
}
Event: 34.728 GC heap after
{Heap after GC invocations=40 (full 0):
 garbage-first heap   total 86016K, used 54884K [0x00000000d0800000, 0x0000000100000000)
  region size 1024K, 1 young (1024K), 1 survivors (1024K)
 Metaspace       used 63696K, capacity 64470K, committed 64768K, reserved 1105920K
  class space    used 7283K, capacity 7576K, committed 7680K, reserved 1048576K
}
Event: 35.992 GC heap before
{Heap before GC invocations=40 (full 0):
 garbage-first heap   total 86016K, used 64100K [0x00000000d0800000, 0x0000000100000000)
  region size 1024K, 11 young (11264K), 1 survivors (1024K)
 Metaspace       used 64942K, capacity 65736K, committed 65792K, reserved 1110016K
  class space    used 7353K, capacity 7677K, committed 7680K, reserved 1048576K
}

