# JRE version: OpenJDK Runtime Environment (11.0.10) (build 11.0.10+0-b96-7249189)
# Java VM: OpenJDK 64-Bit Server VM (11.0.10+0-b96-7249189, mixed mode, tiered, compressed oops, g1 gc, windows-amd64)
Heap:
 garbage-first heap   total 103424K, used 71312K [0x00000000d0800000, 0x0000000100000000)
  region size 1024K, 3 young (3072K), 3 survivors (3072K)
 Metaspace       used 77806K, capacity 78661K, committed 78720K, reserved 1130496K
  class space    used 8471K, capacity 8802K, committed 8832K, reserved 1048576K
GC Heap History (20 events):
Event: 21.003 GC heap before
{Heap before GC invocations=23 (full 0):
 garbage-first heap   total 103424K, used 73257K [0x00000000d0800000, 0x0000000100000000)
  region size 1024K, 24 young (24576K), 2 survivors (2048K)
 Metaspace       used 61437K, capacity 62286K, committed 62464K, reserved 1103872K
  class space    used 7081K, capacity 7405K, committed 7424K, reserved 1048576K
}
Event: 21.031 GC heap after
{Heap after GC invocations=24 (full 0):
 garbage-first heap   total 103424K, used 55210K [0x00000000d0800000, 0x0000000100000000)
  region size 1024K, 3 young (3072K), 3 survivors (3072K)
 Metaspace       used 61437K, capacity 62286K, committed 62464K, reserved 1103872K
  class space    used 7081K, capacity 7405K, committed 7424K, reserved 1048576K
}
Event: 24.322 GC heap before
{Heap before GC invocations=24 (full 0):
 garbage-first heap   total 103424K, used 76714K [0x00000000d0800000, 0x0000000100000000)
  region size 1024K, 24 young (24576K), 3 survivors (3072K)
 Metaspace       used 63709K, capacity 64507K, committed 64640K, reserved 1105920K
  class space    used 7150K, capacity 7456K, committed 7552K, reserved 1048576K
}
Event: 24.377 GC heap after
{Heap after GC invocations=25 (full 0):
 garbage-first heap   total 103424K, used 58112K [0x00000000d0800000, 0x0000000100000000)
  region size 1024K, 3 young (3072K), 3 survivors (3072K)
 Metaspace       used 63709K, capacity 64507K, committed 64640K, reserved 1105920K
  class space    used 7150K, capacity 7456K, committed 7552K, reserved 1048576K
}
Event: 26.121 GC heap before
{Heap before GC invocations=26 (full 0):
 garbage-first heap   total 103424K, used 78592K [0x00000000d0800000, 0x0000000100000000)
  region size 1024K, 23 young (23552K), 3 survivors (3072K)
 Metaspace       used 65040K, capacity 65942K, committed 66048K, reserved 1107968K
  class space    used 7261K, capacity 7590K, committed 7680K, reserved 1048576K
}
Event: 26.149 GC heap after
{Heap after GC invocations=27 (full 0):
 garbage-first heap   total 103424K, used 60935K [0x00000000d0800000, 0x0000000100000000)
  region size 1024K, 3 young (3072K), 3 survivors (3072K)
 Metaspace       used 65040K, capacity 65942K, committed 66048K, reserved 1107968K
  class space    used 7261K, capacity 7590K, committed 7680K, reserved 1048576K
}
Event: 27.837 GC heap before
{Heap before GC invocations=27 (full 0):
 garbage-first heap   total 103424K, used 81415K [0x00000000d0800000, 0x0000000100000000)
  region size 1024K, 23 young (23552K), 3 survivors (3072K)
 Metaspace       used 66345K, capacity 67202K, committed 67456K, reserved 1110016K
  class space    used 7351K, capacity 7688K, committed 7808K, reserved 1048576K
}
Event: 27.861 GC heap after
{Heap after GC invocations=28 (full 0):
 garbage-first heap   total 103424K, used 62954K [0x00000000d0800000, 0x0000000100000000)
  region size 1024K, 2 young (2048K), 2 survivors (2048K)
 Metaspace       used 66345K, capacity 67202K, committed 67456K, reserved 1110016K
  class space    used 7351K, capacity 7688K, committed 7808K, reserved 1048576K
}
Event: 29.112 GC heap before
{Heap before GC invocations=29 (full 0):
 garbage-first heap   total 103424K, used 82410K [0x00000000d0800000, 0x0000000100000000)
  region size 1024K, 21 young (21504K), 2 survivors (2048K)
 Metaspace       used 70271K, capacity 71101K, committed 71424K, reserved 1112064K
  class space    used 7770K, capacity 8096K, committed 8192K, reserved 1048576K
}
Event: 29.132 GC heap after
{Heap after GC invocations=30 (full 0):
 garbage-first heap   total 103424K, used 63961K [0x00000000d0800000, 0x0000000100000000)
  region size 1024K, 2 young (2048K), 2 survivors (2048K)
 Metaspace       used 70271K, capacity 71101K, committed 71424K, reserved 1112064K
  class space    used 7770K, capacity 8096K, committed 8192K, reserved 1048576K
}
Event: 30.865 GC heap before
{Heap before GC invocations=30 (full 0):
 garbage-first heap   total 103424K, used 82393K [0x00000000d0800000, 0x0000000100000000)
  region size 1024K, 21 young (21504K), 2 survivors (2048K)
 Metaspace       used 72610K, capacity 73441K, committed 73600K, reserved 1114112K
  class space    used 7949K, capacity 8257K, committed 8320K, reserved 1048576K
}
Event: 30.893 GC heap after
{Heap after GC invocations=31 (full 0):
 garbage-first heap   total 103424K, used 65175K [0x00000000d0800000, 0x0000000100000000)
  region size 1024K, 3 young (3072K), 3 survivors (3072K)
 Metaspace       used 72610K, capacity 73441K, committed 73600K, reserved 1114112K
  class space    used 7949K, capacity 8257K, committed 8320K, reserved 1048576K
}
Event: 31.953 GC heap before
{Heap before GC invocations=32 (full 0):
 garbage-first heap   total 103424K, used 84631K [0x00000000d0800000, 0x0000000100000000)
  region size 1024K, 22 young (22528K), 3 survivors (3072K)
 Metaspace       used 72701K, capacity 73506K, committed 73600K, reserved 1114112K
  class space    used 7950K, capacity 8257K, committed 8320K, reserved 1048576K
}
Event: 31.975 GC heap after
{Heap after GC invocations=33 (full 0):
 garbage-first heap   total 103424K, used 66703K [0x00000000d0800000, 0x0000000100000000)
  region size 1024K, 3 young (3072K), 3 survivors (3072K)
 Metaspace       used 72701K, capacity 73506K, committed 73600K, reserved 1114112K
  class space    used 7950K, capacity 8257K, committed 8320K, reserved 1048576K
}
Event: 32.753 GC heap before
{Heap before GC invocations=33 (full 0):
 garbage-first heap   total 103424K, used 85135K [0x00000000d0800000, 0x0000000100000000)
  region size 1024K, 21 young (21504K), 3 survivors (3072K)
 Metaspace       used 73236K, capacity 74082K, committed 74240K, reserved 1116160K
  class space    used 8002K, capacity 8321K, committed 8448K, reserved 1048576K
}
Event: 32.781 GC heap after
{Heap after GC invocations=34 (full 0):
 garbage-first heap   total 103424K, used 68788K [0x00000000d0800000, 0x0000000100000000)
  region size 1024K, 3 young (3072K), 3 survivors (3072K)
 Metaspace       used 73236K, capacity 74082K, committed 74240K, reserved 1116160K
  class space    used 8002K, capacity 8321K, committed 8448K, reserved 1048576K
}
Event: 34.074 GC heap before
{Heap before GC invocations=35 (full 0):
 garbage-first heap   total 103424K, used 85172K [0x00000000d0800000, 0x0000000100000000)
  region size 1024K, 20 young (20480K), 3 survivors (3072K)
 Metaspace       used 75523K, capacity 76421K, committed 76672K, reserved 1120256K
  class space    used 8161K, capacity 8482K, committed 8576K, reserved 1048576K
}
Event: 34.095 GC heap after
{Heap after GC invocations=36 (full 0):
 garbage-first heap   total 103424K, used 70514K [0x00000000d0800000, 0x0000000100000000)
  region size 1024K, 2 young (2048K), 2 survivors (2048K)
 Metaspace       used 75523K, capacity 76421K, committed 76672K, reserved 1120256K
  class space    used 8161K, capacity 8482K, committed 8576K, reserved 1048576K
}
Event: 34.510 GC heap before
{Heap before GC invocations=36 (full 0):
 garbage-first heap   total 103424K, used 81778K [0x00000000d0800000, 0x0000000100000000)
  region size 1024K, 15 young (15360K), 2 survivors (2048K)
 Metaspace       used 77806K, capacity 78661K, committed 78720K, reserved 1128448K
  class space    used 8471K, capacity 8802K, committed 8832K, reserved 1048576K
}
Event: 34.524 GC heap after
{Heap after GC invocations=37 (full 0):
 garbage-first heap   total 103424K, used 71312K [0x00000000d0800000, 0x0000000100000000)
  region size 1024K, 3 young (3072K), 3 survivors (3072K)
 Metaspace       used 77806K, capacity 78661K, committed 78720K, reserved 1128448K
  class space    used 8471K, capacity 8802K, committed 8832K, reserved 1048576K
}

