# JRE version: OpenJDK Runtime Environment (11.0.10) (build 11.0.10+0-b96-7249189)
# Java VM: OpenJDK 64-Bit Server VM (11.0.10+0-b96-7249189, mixed mode, tiered, compressed oops, g1 gc, windows-amd64)
Heap:
 garbage-first heap   total 798720K, used 229785K [0x0000000080000000, 0x0000000100000000)
  region size 1024K, 4 young (4096K), 4 survivors (4096K)
 Metaspace       used 142957K, capacity 147069K, committed 147328K, reserved 1177600K
  class space    used 17950K, capacity 19509K, committed 19584K, reserved 1048576K
GC Heap History (20 events):
Event: 344.084 GC heap after
{Heap after GC invocations=156 (full 0):
 garbage-first heap   total 222208K, used 175616K [0x0000000080000000, 0x0000000100000000)
  region size 1024K, 2 young (2048K), 2 survivors (2048K)
 Metaspace       used 142455K, capacity 146548K, committed 146816K, reserved 1177600K
  class space    used 17919K, capacity 19449K, committed 19584K, reserved 1048576K
}
Event: 345.393 GC heap before
{Heap before GC invocations=157 (full 0):
 garbage-first heap   total 222208K, used 186880K [0x0000000080000000, 0x0000000100000000)
  region size 1024K, 12 young (12288K), 2 survivors (2048K)
 Metaspace       used 142641K, capacity 146786K, committed 147072K, reserved 1177600K
  class space    used 17931K, capacity 19484K, committed 19584K, reserved 1048576K
}
Event: 345.438 GC heap after
{Heap after GC invocations=158 (full 0):
 garbage-first heap   total 267264K, used 176523K [0x0000000080000000, 0x0000000100000000)
  region size 1024K, 2 young (2048K), 2 survivors (2048K)
 Metaspace       used 142641K, capacity 146786K, committed 147072K, reserved 1177600K
  class space    used 17931K, capacity 19484K, committed 19584K, reserved 1048576K
}
Event: 345.650 GC heap before
{Heap before GC invocations=158 (full 0):
 garbage-first heap   total 267264K, used 187787K [0x0000000080000000, 0x0000000100000000)
  region size 1024K, 13 young (13312K), 2 survivors (2048K)
 Metaspace       used 142687K, capacity 146801K, committed 147072K, reserved 1177600K
  class space    used 17934K, capacity 19489K, committed 19584K, reserved 1048576K
}
Event: 345.684 GC heap after
{Heap after GC invocations=159 (full 0):
 garbage-first heap   total 267264K, used 178176K [0x0000000080000000, 0x0000000100000000)
  region size 1024K, 2 young (2048K), 2 survivors (2048K)
 Metaspace       used 142687K, capacity 146801K, committed 147072K, reserved 1177600K
  class space    used 17934K, capacity 19489K, committed 19584K, reserved 1048576K
}
Event: 346.217 GC heap before
{Heap before GC invocations=159 (full 0):
 garbage-first heap   total 267264K, used 206848K [0x0000000080000000, 0x0000000100000000)
  region size 1024K, 30 young (30720K), 2 survivors (2048K)
 Metaspace       used 142705K, capacity 146865K, committed 147072K, reserved 1177600K
  class space    used 17934K, capacity 19489K, committed 19584K, reserved 1048576K
}
Event: 346.305 GC heap after
{Heap after GC invocations=160 (full 0):
 garbage-first heap   total 267264K, used 192890K [0x0000000080000000, 0x0000000100000000)
  region size 1024K, 4 young (4096K), 4 survivors (4096K)
 Metaspace       used 142705K, capacity 146865K, committed 147072K, reserved 1177600K
  class space    used 17934K, capacity 19489K, committed 19584K, reserved 1048576K
}
Event: 346.626 GC heap before
{Heap before GC invocations=160 (full 0):
 garbage-first heap   total 267264K, used 213370K [0x0000000080000000, 0x0000000100000000)
  region size 1024K, 24 young (24576K), 4 survivors (4096K)
 Metaspace       used 142729K, capacity 146867K, committed 147072K, reserved 1177600K
  class space    used 17934K, capacity 19489K, committed 19584K, reserved 1048576K
}
Event: 346.690 GC heap after
{Heap after GC invocations=161 (full 0):
 garbage-first heap   total 267264K, used 202240K [0x0000000080000000, 0x0000000100000000)
  region size 1024K, 3 young (3072K), 3 survivors (3072K)
 Metaspace       used 142729K, capacity 146867K, committed 147072K, reserved 1177600K
  class space    used 17934K, capacity 19489K, committed 19584K, reserved 1048576K
}
Event: 346.875 GC heap before
{Heap before GC invocations=161 (full 0):
 garbage-first heap   total 267264K, used 218624K [0x0000000080000000, 0x0000000100000000)
  region size 1024K, 19 young (19456K), 3 survivors (3072K)
 Metaspace       used 142739K, capacity 146867K, committed 147072K, reserved 1177600K
  class space    used 17934K, capacity 19489K, committed 19584K, reserved 1048576K
}
Event: 346.924 GC heap after
{Heap after GC invocations=162 (full 0):
 garbage-first heap   total 267264K, used 210944K [0x0000000080000000, 0x0000000100000000)
  region size 1024K, 3 young (3072K), 3 survivors (3072K)
 Metaspace       used 142739K, capacity 146867K, committed 147072K, reserved 1177600K
  class space    used 17934K, capacity 19489K, committed 19584K, reserved 1048576K
}
Event: 347.977 GC heap before
{Heap before GC invocations=162 (full 0):
 garbage-first heap   total 267264K, used 221184K [0x0000000080000000, 0x0000000100000000)
  region size 1024K, 15 young (15360K), 3 survivors (3072K)
 Metaspace       used 142743K, capacity 146867K, committed 147072K, reserved 1177600K
  class space    used 17934K, capacity 19489K, committed 19584K, reserved 1048576K
}
Event: 348.194 GC heap after
{Heap after GC invocations=163 (full 0):
 garbage-first heap   total 333824K, used 215552K [0x0000000080000000, 0x0000000100000000)
  region size 1024K, 2 young (2048K), 2 survivors (2048K)
 Metaspace       used 142743K, capacity 146867K, committed 147072K, reserved 1177600K
  class space    used 17934K, capacity 19489K, committed 19584K, reserved 1048576K
}
Event: 349.093 GC heap before
{Heap before GC invocations=164 (full 0):
 garbage-first heap   total 333824K, used 243200K [0x0000000080000000, 0x0000000100000000)
  region size 1024K, 30 young (30720K), 2 survivors (2048K)
 Metaspace       used 142821K, capacity 146939K, committed 147072K, reserved 1177600K
  class space    used 17939K, capacity 19491K, committed 19584K, reserved 1048576K
}
Event: 349.218 GC heap after
{Heap after GC invocations=165 (full 0):
 garbage-first heap   total 333824K, used 222208K [0x0000000080000000, 0x0000000100000000)
  region size 1024K, 4 young (4096K), 4 survivors (4096K)
 Metaspace       used 142821K, capacity 146939K, committed 147072K, reserved 1177600K
  class space    used 17939K, capacity 19491K, committed 19584K, reserved 1048576K
}
Event: 349.485 GC heap before
{Heap before GC invocations=165 (full 0):
 garbage-first heap   total 333824K, used 233472K [0x0000000080000000, 0x0000000100000000)
  region size 1024K, 16 young (16384K), 4 survivors (4096K)
 Metaspace       used 142919K, capacity 147005K, committed 147328K, reserved 1177600K
  class space    used 17949K, capacity 19509K, committed 19584K, reserved 1048576K
}
Event: 349.567 GC heap after
{Heap after GC invocations=166 (full 0):
 garbage-first heap   total 333824K, used 219784K [0x0000000080000000, 0x0000000100000000)
  region size 1024K, 2 young (2048K), 2 survivors (2048K)
 Metaspace       used 142919K, capacity 147005K, committed 147328K, reserved 1177600K
  class space    used 17949K, capacity 19509K, committed 19584K, reserved 1048576K
}
Event: 349.987 GC heap before
{Heap before GC invocations=166 (full 0):
 garbage-first heap   total 333824K, used 252552K [0x0000000080000000, 0x0000000100000000)
  region size 1024K, 34 young (34816K), 2 survivors (2048K)
 Metaspace       used 142938K, capacity 147005K, committed 147328K, reserved 1177600K
  class space    used 17949K, capacity 19509K, committed 19584K, reserved 1048576K
}
Event: 350.042 GC heap after
{Heap after GC invocations=167 (full 0):
 garbage-first heap   total 333824K, used 222959K [0x0000000080000000, 0x0000000100000000)
  region size 1024K, 5 young (5120K), 5 survivors (5120K)
 Metaspace       used 142938K, capacity 147005K, committed 147328K, reserved 1177600K
  class space    used 17949K, capacity 19509K, committed 19584K, reserved 1048576K
}
Event: 350.892 GC heap before
{Heap before GC invocations=167 (full 0):
 garbage-first heap   total 333824K, used 260847K [0x0000000080000000, 0x0000000100000000)
  region size 1024K, 39 young (39936K), 5 survivors (5120K)
 Metaspace       used 142957K, capacity 147069K, committed 147328K, reserved 1177600K
  class space    used 17950K, capacity 19509K, committed 19584K, reserved 1048576K
}

