# JRE version: OpenJDK Runtime Environment (11.0.10) (build 11.0.10+0-b96-7249189)
# Java VM: OpenJDK 64-Bit Server VM (11.0.10+0-b96-7249189, mixed mode, tiered, compressed oops, g1 gc, windows-amd64)
Heap:
 garbage-first heap   total 163840K, used 65276K [0x00000000d0800000, 0x0000000100000000)
  region size 1024K, 17 young (17408K), 2 survivors (2048K)
 Metaspace       used 60371K, capacity 61094K, committed 61312K, reserved 1103872K
  class space    used 6991K, capacity 7268K, committed 7296K, reserved 1048576K
GC Heap History (20 events):
Event: 44.141 GC heap before
{Heap before GC invocations=37 (full 0):
 garbage-first heap   total 59392K, used 47328K [0x00000000d0800000, 0x0000000100000000)
  region size 1024K, 5 young (5120K), 1 survivors (1024K)
 Metaspace       used 54779K, capacity 55374K, committed 55552K, reserved 1097728K
  class space    used 6340K, capacity 6594K, committed 6656K, reserved 1048576K
}
Event: 44.154 GC heap after
{Heap after GC invocations=38 (full 0):
 garbage-first heap   total 71680K, used 44340K [0x00000000d0800000, 0x0000000100000000)
  region size 1024K, 1 young (1024K), 1 survivors (1024K)
 Metaspace       used 54779K, capacity 55374K, committed 55552K, reserved 1097728K
  class space    used 6340K, capacity 6594K, committed 6656K, reserved 1048576K
}
Event: 44.223 GC heap before
{Heap before GC invocations=39 (full 0):
 garbage-first heap   total 71680K, used 51508K [0x00000000d0800000, 0x0000000100000000)
  region size 1024K, 8 young (8192K), 1 survivors (1024K)
 Metaspace       used 54788K, capacity 55374K, committed 55552K, reserved 1097728K
  class space    used 6340K, capacity 6594K, committed 6656K, reserved 1048576K
}
Event: 44.378 GC heap after
{Heap after GC invocations=40 (full 0):
 garbage-first heap   total 71680K, used 45631K [0x00000000d0800000, 0x0000000100000000)
  region size 1024K, 1 young (1024K), 1 survivors (1024K)
 Metaspace       used 54788K, capacity 55374K, committed 55552K, reserved 1097728K
  class space    used 6340K, capacity 6594K, committed 6656K, reserved 1048576K
}
Event: 54.533 GC heap before
{Heap before GC invocations=40 (full 0):
 garbage-first heap   total 71680K, used 51775K [0x00000000d0800000, 0x0000000100000000)
  region size 1024K, 8 young (8192K), 1 survivors (1024K)
 Metaspace       used 55398K, capacity 56084K, committed 56320K, reserved 1099776K
  class space    used 6386K, capacity 6635K, committed 6656K, reserved 1048576K
}
Event: 54.546 GC heap after
{Heap after GC invocations=41 (full 0):
 garbage-first heap   total 71680K, used 46208K [0x00000000d0800000, 0x0000000100000000)
  region size 1024K, 1 young (1024K), 1 survivors (1024K)
 Metaspace       used 55398K, capacity 56084K, committed 56320K, reserved 1099776K
  class space    used 6386K, capacity 6635K, committed 6656K, reserved 1048576K
}
Event: 58.623 GC heap before
{Heap before GC invocations=42 (full 0):
 garbage-first heap   total 71680K, used 51328K [0x00000000d0800000, 0x0000000100000000)
  region size 1024K, 9 young (9216K), 1 survivors (1024K)
 Metaspace       used 55771K, capacity 56471K, committed 56704K, reserved 1099776K
  class space    used 6435K, capacity 6700K, committed 6784K, reserved 1048576K
}
Event: 58.642 GC heap after
{Heap after GC invocations=43 (full 0):
 garbage-first heap   total 71680K, used 45184K [0x00000000d0800000, 0x0000000100000000)
  region size 1024K, 2 young (2048K), 2 survivors (2048K)
 Metaspace       used 55771K, capacity 56471K, committed 56704K, reserved 1099776K
  class space    used 6435K, capacity 6700K, committed 6784K, reserved 1048576K
}
Event: 58.683 GC heap before
{Heap before GC invocations=43 (full 0):
 garbage-first heap   total 71680K, used 46208K [0x00000000d0800000, 0x0000000100000000)
  region size 1024K, 3 young (3072K), 2 survivors (2048K)
 Metaspace       used 55776K, capacity 56471K, committed 56704K, reserved 1099776K
  class space    used 6435K, capacity 6700K, committed 6784K, reserved 1048576K
}
Event: 58.692 GC heap after
{Heap after GC invocations=44 (full 0):
 garbage-first heap   total 71680K, used 44185K [0x00000000d0800000, 0x0000000100000000)
  region size 1024K, 1 young (1024K), 1 survivors (1024K)
 Metaspace       used 55776K, capacity 56471K, committed 56704K, reserved 1099776K
  class space    used 6435K, capacity 6700K, committed 6784K, reserved 1048576K
}
Event: 59.625 GC heap before
{Heap before GC invocations=44 (full 0):
 garbage-first heap   total 71680K, used 52377K [0x00000000d0800000, 0x0000000100000000)
  region size 1024K, 9 young (9216K), 1 survivors (1024K)
 Metaspace       used 57022K, capacity 57684K, committed 57856K, reserved 1099776K
  class space    used 6595K, capacity 6850K, committed 6912K, reserved 1048576K
}
Event: 59.633 GC heap after
{Heap after GC invocations=45 (full 0):
 garbage-first heap   total 71680K, used 44684K [0x00000000d0800000, 0x0000000100000000)
  region size 1024K, 1 young (1024K), 1 survivors (1024K)
 Metaspace       used 57022K, capacity 57684K, committed 57856K, reserved 1099776K
  class space    used 6595K, capacity 6850K, committed 6912K, reserved 1048576K
}
Event: 60.681 GC heap before
{Heap before GC invocations=46 (full 0):
 garbage-first heap   total 71680K, used 52876K [0x00000000d0800000, 0x0000000100000000)
  region size 1024K, 10 young (10240K), 1 survivors (1024K)
 Metaspace       used 58994K, capacity 59704K, committed 59904K, reserved 1101824K
  class space    used 6883K, capacity 7158K, committed 7168K, reserved 1048576K
}
Event: 60.692 GC heap after
{Heap after GC invocations=47 (full 0):
 garbage-first heap   total 71680K, used 45662K [0x00000000d0800000, 0x0000000100000000)
  region size 1024K, 2 young (2048K), 2 survivors (2048K)
 Metaspace       used 58994K, capacity 59704K, committed 59904K, reserved 1101824K
  class space    used 6883K, capacity 7158K, committed 7168K, reserved 1048576K
}
Event: 62.977 GC heap before
{Heap before GC invocations=47 (full 0):
 garbage-first heap   total 71680K, used 54878K [0x00000000d0800000, 0x0000000100000000)
  region size 1024K, 11 young (11264K), 2 survivors (2048K)
 Metaspace       used 60078K, capacity 60810K, committed 61056K, reserved 1103872K
  class space    used 6982K, capacity 7263K, committed 7296K, reserved 1048576K
}
Event: 63.113 GC heap after
{Heap after GC invocations=48 (full 0):
 garbage-first heap   total 71680K, used 46991K [0x00000000d0800000, 0x0000000100000000)
  region size 1024K, 2 young (2048K), 2 survivors (2048K)
 Metaspace       used 60078K, capacity 60810K, committed 61056K, reserved 1103872K
  class space    used 6982K, capacity 7263K, committed 7296K, reserved 1048576K
}
Event: 64.809 GC heap before
{Heap before GC invocations=49 (full 0):
 garbage-first heap   total 71680K, used 56207K [0x00000000d0800000, 0x0000000100000000)
  region size 1024K, 11 young (11264K), 2 survivors (2048K)
 Metaspace       used 60231K, capacity 60945K, committed 61056K, reserved 1103872K
  class space    used 6983K, capacity 7264K, committed 7296K, reserved 1048576K
}
Event: 64.857 GC heap after
{Heap after GC invocations=50 (full 0):
 garbage-first heap   total 71680K, used 48931K [0x00000000d0800000, 0x0000000100000000)
  region size 1024K, 2 young (2048K), 2 survivors (2048K)
 Metaspace       used 60231K, capacity 60945K, committed 61056K, reserved 1103872K
  class space    used 6983K, capacity 7264K, committed 7296K, reserved 1048576K
}
Event: 66.272 GC heap before
{Heap before GC invocations=50 (full 0):
 garbage-first heap   total 71680K, used 57123K [0x00000000d0800000, 0x0000000100000000)
  region size 1024K, 10 young (10240K), 2 survivors (2048K)
 Metaspace       used 60277K, capacity 61009K, committed 61056K, reserved 1103872K
  class space    used 6983K, capacity 7264K, committed 7296K, reserved 1048576K
}
Event: 66.302 GC heap after
{Heap after GC invocations=51 (full 0):
 garbage-first heap   total 163840K, used 50940K [0x00000000d0800000, 0x0000000100000000)
  region size 1024K, 2 young (2048K), 2 survivors (2048K)
 Metaspace       used 60277K, capacity 61009K, committed 61056K, reserved 1103872K
  class space    used 6983K, capacity 7264K, committed 7296K, reserved 1048576K
}

