# JRE version: OpenJDK Runtime Environment (11.0.10) (build 11.0.10+0-b96-7249189)
# Java VM: OpenJDK 64-Bit Server VM (11.0.10+0-b96-7249189, mixed mode, tiered, compressed oops, g1 gc, windows-amd64)
Heap:
 garbage-first heap   total 792576K, used 202817K [0x0000000080000000, 0x0000000100000000)
  region size 1024K, 2 young (2048K), 2 survivors (2048K)
 Metaspace       used 159554K, capacity 165049K, committed 165708K, reserved 1191936K
  class space    used 20054K, capacity 22118K, committed 22348K, reserved 1048576K
GC Heap History (20 events):
Event: 5700.508 GC heap after
{Heap after GC invocations=137 (full 0):
 garbage-first heap   total 242688K, used 206840K [0x0000000080000000, 0x0000000100000000)
  region size 1024K, 2 young (2048K), 2 survivors (2048K)
 Metaspace       used 144551K, capacity 149580K, committed 149708K, reserved 1179648K
  class space    used 18168K, capacity 20111K, committed 20172K, reserved 1048576K
}
Event: 5704.433 GC heap before
{Heap before GC invocations=137 (full 0):
 garbage-first heap   total 242688K, used 215032K [0x0000000080000000, 0x0000000100000000)
  region size 1024K, 11 young (11264K), 2 survivors (2048K)
 Metaspace       used 145017K, capacity 150060K, committed 150220K, reserved 1179648K
  class space    used 18207K, capacity 20143K, committed 20172K, reserved 1048576K
}
Event: 5704.496 GC heap after
{Heap after GC invocations=138 (full 0):
 garbage-first heap   total 242688K, used 208213K [0x0000000080000000, 0x0000000100000000)
  region size 1024K, 2 young (2048K), 2 survivors (2048K)
 Metaspace       used 145017K, capacity 150060K, committed 150220K, reserved 1179648K
  class space    used 18207K, capacity 20143K, committed 20172K, reserved 1048576K
}
Event: 5707.920 GC heap before
{Heap before GC invocations=138 (full 0):
 garbage-first heap   total 242688K, used 219477K [0x0000000080000000, 0x0000000100000000)
  region size 1024K, 11 young (11264K), 2 survivors (2048K)
 Metaspace       used 147058K, capacity 152076K, committed 152268K, reserved 1181696K
  class space    used 18377K, capacity 20303K, committed 20428K, reserved 1048576K
}
Event: 5707.955 GC heap after
{Heap after GC invocations=139 (full 0):
 garbage-first heap   total 242688K, used 211808K [0x0000000080000000, 0x0000000100000000)
  region size 1024K, 2 young (2048K), 2 survivors (2048K)
 Metaspace       used 147058K, capacity 152076K, committed 152268K, reserved 1181696K
  class space    used 18377K, capacity 20303K, committed 20428K, reserved 1048576K
}
Event: 5712.063 GC heap before
{Heap before GC invocations=139 (full 0):
 garbage-first heap   total 242688K, used 220000K [0x0000000080000000, 0x0000000100000000)
  region size 1024K, 11 young (11264K), 2 survivors (2048K)
 Metaspace       used 149288K, capacity 154316K, committed 154572K, reserved 1183744K
  class space    used 18630K, capacity 20559K, committed 20684K, reserved 1048576K
}
Event: 5712.072 GC heap after
{Heap after GC invocations=140 (full 0):
 garbage-first heap   total 242688K, used 212349K [0x0000000080000000, 0x0000000100000000)
  region size 1024K, 1 young (1024K), 1 survivors (1024K)
 Metaspace       used 149288K, capacity 154316K, committed 154572K, reserved 1183744K
  class space    used 18630K, capacity 20559K, committed 20684K, reserved 1048576K
}
Event: 5744.769 GC heap before
{Heap before GC invocations=140 (full 0):
 garbage-first heap   total 242688K, used 222589K [0x0000000080000000, 0x0000000100000000)
  region size 1024K, 11 young (11264K), 1 survivors (1024K)
 Metaspace       used 150943K, capacity 156013K, committed 156236K, reserved 1185792K
  class space    used 18851K, capacity 20783K, committed 20812K, reserved 1048576K
}
Event: 5746.134 GC heap after
{Heap after GC invocations=141 (full 0):
 garbage-first heap   total 242688K, used 213046K [0x0000000080000000, 0x0000000100000000)
  region size 1024K, 2 young (2048K), 2 survivors (2048K)
 Metaspace       used 150943K, capacity 156013K, committed 156236K, reserved 1185792K
  class space    used 18851K, capacity 20783K, committed 20812K, reserved 1048576K
}
Event: 5749.878 GC heap before
{Heap before GC invocations=141 (full 0):
 garbage-first heap   total 242688K, used 222262K [0x0000000080000000, 0x0000000100000000)
  region size 1024K, 11 young (11264K), 2 survivors (2048K)
 Metaspace       used 152576K, capacity 157715K, committed 158028K, reserved 1185792K
  class space    used 19068K, capacity 21008K, committed 21068K, reserved 1048576K
}
Event: 5750.246 GC heap after
{Heap after GC invocations=142 (full 0):
 garbage-first heap   total 465920K, used 213699K [0x0000000080000000, 0x0000000100000000)
  region size 1024K, 2 young (2048K), 2 survivors (2048K)
 Metaspace       used 152576K, capacity 157715K, committed 158028K, reserved 1185792K
  class space    used 19068K, capacity 21008K, committed 21068K, reserved 1048576K
}
Event: 5763.620 GC heap before
{Heap before GC invocations=142 (full 0):
 garbage-first heap   total 465920K, used 233155K [0x0000000080000000, 0x0000000100000000)
  region size 1024K, 22 young (22528K), 2 survivors (2048K)
 Metaspace       used 154498K, capacity 159705K, committed 159820K, reserved 1187840K
  class space    used 19322K, capacity 21289K, committed 21324K, reserved 1048576K
}
Event: 5763.782 GC heap after
{Heap after GC invocations=143 (full 0):
 garbage-first heap   total 465920K, used 214160K [0x0000000080000000, 0x0000000100000000)
  region size 1024K, 2 young (2048K), 2 survivors (2048K)
 Metaspace       used 154498K, capacity 159705K, committed 159820K, reserved 1187840K
  class space    used 19322K, capacity 21289K, committed 21324K, reserved 1048576K
}
Event: 5772.575 GC heap before
{Heap before GC invocations=143 (full 0):
 garbage-first heap   total 465920K, used 234640K [0x0000000080000000, 0x0000000100000000)
  region size 1024K, 22 young (22528K), 2 survivors (2048K)
 Metaspace       used 156769K, capacity 162136K, committed 162252K, reserved 1189888K
  class space    used 19667K, capacity 21695K, committed 21708K, reserved 1048576K
}
Event: 5773.313 GC heap after
{Heap after GC invocations=144 (full 0):
 garbage-first heap   total 465920K, used 215348K [0x0000000080000000, 0x0000000100000000)
  region size 1024K, 3 young (3072K), 3 survivors (3072K)
 Metaspace       used 156769K, capacity 162136K, committed 162252K, reserved 1189888K
  class space    used 19667K, capacity 21695K, committed 21708K, reserved 1048576K
}
Event: 5787.203 GC heap before
{Heap before GC invocations=144 (full 0):
 garbage-first heap   total 465920K, used 234804K [0x0000000080000000, 0x0000000100000000)
  region size 1024K, 22 young (22528K), 3 survivors (3072K)
 Metaspace       used 157910K, capacity 163382K, committed 163532K, reserved 1191936K
  class space    used 19853K, capacity 21918K, committed 21964K, reserved 1048576K
}
Event: 5789.735 GC heap after
{Heap after GC invocations=145 (full 0):
 garbage-first heap   total 465920K, used 216511K [0x0000000080000000, 0x0000000100000000)
  region size 1024K, 3 young (3072K), 3 survivors (3072K)
 Metaspace       used 157910K, capacity 163382K, committed 163532K, reserved 1191936K
  class space    used 19853K, capacity 21918K, committed 21964K, reserved 1048576K
}
Event: 5887.076 GC heap before
{Heap before GC invocations=145 (full 0):
 garbage-first heap   total 465920K, used 220607K [0x0000000080000000, 0x0000000100000000)
  region size 1024K, 22 young (22528K), 3 survivors (3072K)
 Metaspace       used 159320K, capacity 164779K, committed 165452K, reserved 1191936K
  class space    used 20019K, capacity 22051K, committed 22348K, reserved 1048576K
}
Event: 5888.560 GC heap after
{Heap after GC invocations=146 (full 0):
 garbage-first heap   total 465920K, used 202184K [0x0000000080000000, 0x0000000100000000)
  region size 1024K, 3 young (3072K), 3 survivors (3072K)
 Metaspace       used 159320K, capacity 164779K, committed 165452K, reserved 1191936K
  class space    used 20019K, capacity 22051K, committed 22348K, reserved 1048576K
}
Event: 5897.021 GC heap before
{Heap before GC invocations=146 (full 0):
 garbage-first heap   total 465920K, used 221640K [0x0000000080000000, 0x0000000100000000)
  region size 1024K, 22 young (22528K), 3 survivors (3072K)
 Metaspace       used 159554K, capacity 165049K, committed 165708K, reserved 1191936K
  class space    used 20054K, capacity 22118K, committed 22348K, reserved 1048576K
}

