# JRE version: OpenJDK Runtime Environment (11.0.10) (build 11.0.10+0-b96-7249189)
# Java VM: OpenJDK 64-Bit Server VM (11.0.10+0-b96-7249189, mixed mode, tiered, compressed oops, g1 gc, windows-amd64)
Heap:
 garbage-first heap   total 86016K, used 46608K [0x00000000d0800000, 0x0000000100000000)
  region size 1024K, 1 young (1024K), 1 survivors (1024K)
 Metaspace       used 54885K, capacity 55502K, committed 55804K, reserved 1097728K
  class space    used 6342K, capacity 6594K, committed 6652K, reserved 1048576K
GC Heap History (20 events):
Event: 23.894 GC heap after
{Heap after GC invocations=23 (full 0):
 garbage-first heap   total 49152K, used 28745K [0x00000000d0800000, 0x0000000100000000)
  region size 1024K, 2 young (2048K), 2 survivors (2048K)
 Metaspace       used 41598K, capacity 42121K, committed 42364K, reserved 1087488K
  class space    used 4912K, capacity 5101K, committed 5244K, reserved 1048576K
}
Event: 25.030 GC heap before
{Heap before GC invocations=24 (full 0):
 garbage-first heap   total 49152K, used 35913K [0x00000000d0800000, 0x0000000100000000)
  region size 1024K, 9 young (9216K), 2 survivors (2048K)
 Metaspace       used 43855K, capacity 44354K, committed 44540K, reserved 1089536K
  class space    used 5121K, capacity 5307K, committed 5372K, reserved 1048576K
}
Event: 25.044 GC heap after
{Heap after GC invocations=25 (full 0):
 garbage-first heap   total 49152K, used 29708K [0x00000000d0800000, 0x0000000100000000)
  region size 1024K, 2 young (2048K), 2 survivors (2048K)
 Metaspace       used 43855K, capacity 44354K, committed 44540K, reserved 1089536K
  class space    used 5121K, capacity 5307K, committed 5372K, reserved 1048576K
}
Event: 25.218 GC heap before
{Heap before GC invocations=25 (full 0):
 garbage-first heap   total 49152K, used 30732K [0x00000000d0800000, 0x0000000100000000)
  region size 1024K, 4 young (4096K), 2 survivors (2048K)
 Metaspace       used 44239K, capacity 44741K, committed 44924K, reserved 1089536K
  class space    used 5175K, capacity 5372K, committed 5500K, reserved 1048576K
}
Event: 25.228 GC heap after
{Heap after GC invocations=26 (full 0):
 garbage-first heap   total 59392K, used 29850K [0x00000000d0800000, 0x0000000100000000)
  region size 1024K, 1 young (1024K), 1 survivors (1024K)
 Metaspace       used 44239K, capacity 44741K, committed 44924K, reserved 1089536K
  class space    used 5175K, capacity 5372K, committed 5500K, reserved 1048576K
}
Event: 26.613 GC heap before
{Heap before GC invocations=27 (full 0):
 garbage-first heap   total 59392K, used 43162K [0x00000000d0800000, 0x0000000100000000)
  region size 1024K, 12 young (12288K), 1 survivors (1024K)
 Metaspace       used 46015K, capacity 46563K, committed 46844K, reserved 1091584K
  class space    used 5370K, capacity 5574K, committed 5628K, reserved 1048576K
}
Event: 26.631 GC heap after
{Heap after GC invocations=28 (full 0):
 garbage-first heap   total 59392K, used 33695K [0x00000000d0800000, 0x0000000100000000)
  region size 1024K, 2 young (2048K), 2 survivors (2048K)
 Metaspace       used 46015K, capacity 46563K, committed 46844K, reserved 1091584K
  class space    used 5370K, capacity 5574K, committed 5628K, reserved 1048576K
}
Event: 27.771 GC heap before
{Heap before GC invocations=28 (full 0):
 garbage-first heap   total 59392K, used 43935K [0x00000000d0800000, 0x0000000100000000)
  region size 1024K, 12 young (12288K), 2 survivors (2048K)
 Metaspace       used 48813K, capacity 49429K, committed 49532K, reserved 1093632K
  class space    used 5702K, capacity 5955K, committed 6012K, reserved 1048576K
}
Event: 27.794 GC heap after
{Heap after GC invocations=29 (full 0):
 garbage-first heap   total 59392K, used 34762K [0x00000000d0800000, 0x0000000100000000)
  region size 1024K, 2 young (2048K), 2 survivors (2048K)
 Metaspace       used 48813K, capacity 49429K, committed 49532K, reserved 1093632K
  class space    used 5702K, capacity 5955K, committed 6012K, reserved 1048576K
}
Event: 29.687 GC heap before
{Heap before GC invocations=30 (full 0):
 garbage-first heap   total 59392K, used 43978K [0x00000000d0800000, 0x0000000100000000)
  region size 1024K, 12 young (12288K), 2 survivors (2048K)
 Metaspace       used 49820K, capacity 50504K, committed 50684K, reserved 1093632K
  class space    used 5795K, capacity 6057K, committed 6140K, reserved 1048576K
}
Event: 29.704 GC heap after
{Heap after GC invocations=31 (full 0):
 garbage-first heap   total 59392K, used 36693K [0x00000000d0800000, 0x0000000100000000)
  region size 1024K, 2 young (2048K), 2 survivors (2048K)
 Metaspace       used 49820K, capacity 50504K, committed 50684K, reserved 1093632K
  class space    used 5795K, capacity 6057K, committed 6140K, reserved 1048576K
}
Event: 30.626 GC heap before
{Heap before GC invocations=31 (full 0):
 garbage-first heap   total 59392K, used 45909K [0x00000000d0800000, 0x0000000100000000)
  region size 1024K, 11 young (11264K), 2 survivors (2048K)
 Metaspace       used 51529K, capacity 52151K, committed 52476K, reserved 1095680K
  class space    used 6022K, capacity 6266K, committed 6396K, reserved 1048576K
}
Event: 30.647 GC heap after
{Heap after GC invocations=32 (full 0):
 garbage-first heap   total 71680K, used 38584K [0x00000000d0800000, 0x0000000100000000)
  region size 1024K, 2 young (2048K), 2 survivors (2048K)
 Metaspace       used 51529K, capacity 52151K, committed 52476K, reserved 1095680K
  class space    used 6022K, capacity 6266K, committed 6396K, reserved 1048576K
}
Event: 31.899 GC heap before
{Heap before GC invocations=33 (full 0):
 garbage-first heap   total 71680K, used 51896K [0x00000000d0800000, 0x0000000100000000)
  region size 1024K, 15 young (15360K), 2 survivors (2048K)
 Metaspace       used 53976K, capacity 54606K, committed 54780K, reserved 1097728K
  class space    used 6324K, capacity 6594K, committed 6652K, reserved 1048576K
}
Event: 31.919 GC heap after
{Heap after GC invocations=34 (full 0):
 garbage-first heap   total 71680K, used 40187K [0x00000000d0800000, 0x0000000100000000)
  region size 1024K, 2 young (2048K), 2 survivors (2048K)
 Metaspace       used 53976K, capacity 54606K, committed 54780K, reserved 1097728K
  class space    used 6324K, capacity 6594K, committed 6652K, reserved 1048576K
}
Event: 33.156 GC heap before
{Heap before GC invocations=34 (full 0):
 garbage-first heap   total 71680K, used 47355K [0x00000000d0800000, 0x0000000100000000)
  region size 1024K, 10 young (10240K), 2 survivors (2048K)
 Metaspace       used 54770K, capacity 55374K, committed 55548K, reserved 1097728K
  class space    used 6339K, capacity 6594K, committed 6652K, reserved 1048576K
}
Event: 33.183 GC heap after
{Heap after GC invocations=35 (full 0):
 garbage-first heap   total 71680K, used 41720K [0x00000000d0800000, 0x0000000100000000)
  region size 1024K, 2 young (2048K), 2 survivors (2048K)
 Metaspace       used 54770K, capacity 55374K, committed 55548K, reserved 1097728K
  class space    used 6339K, capacity 6594K, committed 6652K, reserved 1048576K
}
Event: 33.621 GC heap before
{Heap before GC invocations=36 (full 0):
 garbage-first heap   total 71680K, used 54008K [0x00000000d0800000, 0x0000000100000000)
  region size 1024K, 14 young (14336K), 2 survivors (2048K)
 Metaspace       used 54827K, capacity 55438K, committed 55548K, reserved 1097728K
  class space    used 6339K, capacity 6594K, committed 6652K, reserved 1048576K
}
Event: 33.667 GC heap after
{Heap after GC invocations=37 (full 0):
 garbage-first heap   total 71680K, used 45492K [0x00000000d0800000, 0x0000000100000000)
  region size 1024K, 2 young (2048K), 2 survivors (2048K)
 Metaspace       used 54827K, capacity 55438K, committed 55548K, reserved 1097728K
  class space    used 6339K, capacity 6594K, committed 6652K, reserved 1048576K
}
Event: 33.871 GC heap before
{Heap before GC invocations=37 (full 0):
 garbage-first heap   total 71680K, used 55732K [0x00000000d0800000, 0x0000000100000000)
  region size 1024K, 12 young (12288K), 2 survivors (2048K)
 Metaspace       used 54885K, capacity 55502K, committed 55804K, reserved 1097728K
  class space    used 6342K, capacity 6594K, committed 6652K, reserved 1048576K
}

