# JRE version: OpenJDK Runtime Environment (11.0.10) (build 11.0.10+0-b96-7249189)
# Java VM: OpenJDK 64-Bit Server VM (11.0.10+0-b96-7249189, mixed mode, tiered, compressed oops, g1 gc, windows-amd64)
Heap:
 garbage-first heap   total 510976K, used 148754K [0x0000000080000000, 0x0000000100000000)
  region size 1024K, 3 young (3072K), 3 survivors (3072K)
 Metaspace       used 150682K, capacity 155121K, committed 155340K, reserved 1183744K
  class space    used 18812K, capacity 20417K, committed 20428K, reserved 1048576K
GC Heap History (20 events):
Event: 1194.849 GC heap after
{Heap after GC invocations=116 (full 0):
 garbage-first heap   total 242688K, used 138935K [0x0000000080000000, 0x0000000100000000)
  region size 1024K, 2 young (2048K), 2 survivors (2048K)
 Metaspace       used 134880K, capacity 138586K, committed 138828K, reserved 1169408K
  class space    used 16780K, capacity 18148K, committed 18252K, reserved 1048576K
}
Event: 1196.048 GC heap before
{Heap before GC invocations=116 (full 0):
 garbage-first heap   total 242688K, used 147127K [0x0000000080000000, 0x0000000100000000)
  region size 1024K, 11 young (11264K), 2 survivors (2048K)
 Metaspace       used 135689K, capacity 139386K, committed 139596K, reserved 1171456K
  class space    used 16838K, capacity 18180K, committed 18252K, reserved 1048576K
}
Event: 1196.091 GC heap after
{Heap after GC invocations=117 (full 0):
 garbage-first heap   total 242688K, used 140592K [0x0000000080000000, 0x0000000100000000)
  region size 1024K, 2 young (2048K), 2 survivors (2048K)
 Metaspace       used 135689K, capacity 139386K, committed 139596K, reserved 1171456K
  class space    used 16838K, capacity 18180K, committed 18252K, reserved 1048576K
}
Event: 1196.984 GC heap before
{Heap before GC invocations=117 (full 0):
 garbage-first heap   total 242688K, used 151856K [0x0000000080000000, 0x0000000100000000)
  region size 1024K, 11 young (11264K), 2 survivors (2048K)
 Metaspace       used 138076K, capacity 141754K, committed 141900K, reserved 1173504K
  class space    used 17075K, capacity 18436K, committed 18508K, reserved 1048576K
}
Event: 1197.011 GC heap after
{Heap after GC invocations=118 (full 0):
 garbage-first heap   total 242688K, used 143563K [0x0000000080000000, 0x0000000100000000)
  region size 1024K, 1 young (1024K), 1 survivors (1024K)
 Metaspace       used 138076K, capacity 141754K, committed 141900K, reserved 1173504K
  class space    used 17075K, capacity 18436K, committed 18508K, reserved 1048576K
}
Event: 1198.087 GC heap before
{Heap before GC invocations=118 (full 0):
 garbage-first heap   total 242688K, used 152779K [0x0000000080000000, 0x0000000100000000)
  region size 1024K, 11 young (11264K), 1 survivors (1024K)
 Metaspace       used 140210K, capacity 143930K, committed 144204K, reserved 1175552K
  class space    used 17331K, capacity 18692K, committed 18764K, reserved 1048576K
}
Event: 1198.093 GC heap after
{Heap after GC invocations=119 (full 0):
 garbage-first heap   total 242688K, used 143926K [0x0000000080000000, 0x0000000100000000)
  region size 1024K, 2 young (2048K), 2 survivors (2048K)
 Metaspace       used 140210K, capacity 143930K, committed 144204K, reserved 1175552K
  class space    used 17331K, capacity 18692K, committed 18764K, reserved 1048576K
}
Event: 1199.079 GC heap before
{Heap before GC invocations=119 (full 0):
 garbage-first heap   total 242688K, used 153142K [0x0000000080000000, 0x0000000100000000)
  region size 1024K, 11 young (11264K), 2 survivors (2048K)
 Metaspace       used 142253K, capacity 145914K, committed 145996K, reserved 1175552K
  class space    used 17607K, capacity 18948K, committed 19020K, reserved 1048576K
}
Event: 1199.088 GC heap after
{Heap after GC invocations=120 (full 0):
 garbage-first heap   total 242688K, used 144834K [0x0000000080000000, 0x0000000100000000)
  region size 1024K, 2 young (2048K), 2 survivors (2048K)
 Metaspace       used 142253K, capacity 145914K, committed 145996K, reserved 1175552K
  class space    used 17607K, capacity 18948K, committed 19020K, reserved 1048576K
}
Event: 1199.733 GC heap before
{Heap before GC invocations=120 (full 0):
 garbage-first heap   total 242688K, used 154050K [0x0000000080000000, 0x0000000100000000)
  region size 1024K, 12 young (12288K), 2 survivors (2048K)
 Metaspace       used 143465K, capacity 147142K, committed 147404K, reserved 1177600K
  class space    used 17730K, capacity 19079K, committed 19148K, reserved 1048576K
}
Event: 1199.745 GC heap after
{Heap after GC invocations=121 (full 0):
 garbage-first heap   total 242688K, used 145309K [0x0000000080000000, 0x0000000100000000)
  region size 1024K, 2 young (2048K), 2 survivors (2048K)
 Metaspace       used 143465K, capacity 147142K, committed 147404K, reserved 1177600K
  class space    used 17730K, capacity 19079K, committed 19148K, reserved 1048576K
}
Event: 1200.739 GC heap before
{Heap before GC invocations=121 (full 0):
 garbage-first heap   total 242688K, used 159645K [0x0000000080000000, 0x0000000100000000)
  region size 1024K, 16 young (16384K), 2 survivors (2048K)
 Metaspace       used 144504K, capacity 148344K, committed 148556K, reserved 1179648K
  class space    used 17881K, capacity 19268K, committed 19276K, reserved 1048576K
}
Event: 1200.796 GC heap after
{Heap after GC invocations=122 (full 0):
 garbage-first heap   total 242688K, used 145397K [0x0000000080000000, 0x0000000100000000)
  region size 1024K, 1 young (1024K), 1 survivors (1024K)
 Metaspace       used 144504K, capacity 148344K, committed 148556K, reserved 1179648K
  class space    used 17881K, capacity 19268K, committed 19276K, reserved 1048576K
}
Event: 1201.856 GC heap before
{Heap before GC invocations=122 (full 0):
 garbage-first heap   total 242688K, used 160757K [0x0000000080000000, 0x0000000100000000)
  region size 1024K, 17 young (17408K), 1 survivors (1024K)
 Metaspace       used 146778K, capacity 150707K, committed 150988K, reserved 1181696K
  class space    used 18197K, capacity 19610K, committed 19660K, reserved 1048576K
}
Event: 1201.870 GC heap after
{Heap after GC invocations=123 (full 0):
 garbage-first heap   total 242688K, used 145740K [0x0000000080000000, 0x0000000100000000)
  region size 1024K, 1 young (1024K), 1 survivors (1024K)
 Metaspace       used 146778K, capacity 150707K, committed 150988K, reserved 1181696K
  class space    used 18197K, capacity 19610K, committed 19660K, reserved 1048576K
}
Event: 1203.343 GC heap before
{Heap before GC invocations=123 (full 0):
 garbage-first heap   total 242688K, used 166220K [0x0000000080000000, 0x0000000100000000)
  region size 1024K, 21 young (21504K), 1 survivors (1024K)
 Metaspace       used 147476K, capacity 151458K, committed 151628K, reserved 1181696K
  class space    used 18320K, capacity 19775K, committed 19788K, reserved 1048576K
}
Event: 1203.360 GC heap after
{Heap after GC invocations=124 (full 0):
 garbage-first heap   total 242688K, used 147326K [0x0000000080000000, 0x0000000100000000)
  region size 1024K, 3 young (3072K), 3 survivors (3072K)
 Metaspace       used 147476K, capacity 151458K, committed 151628K, reserved 1181696K
  class space    used 18320K, capacity 19775K, committed 19788K, reserved 1048576K
}
Event: 1204.421 GC heap before
{Heap before GC invocations=124 (full 0):
 garbage-first heap   total 242688K, used 170878K [0x0000000080000000, 0x0000000100000000)
  region size 1024K, 26 young (26624K), 3 survivors (3072K)
 Metaspace       used 148249K, capacity 152349K, committed 152652K, reserved 1181696K
  class space    used 18438K, capacity 19941K, committed 20044K, reserved 1048576K
}
Event: 1204.443 GC heap after
{Heap after GC invocations=125 (full 0):
 garbage-first heap   total 242688K, used 147717K [0x0000000080000000, 0x0000000100000000)
  region size 1024K, 3 young (3072K), 3 survivors (3072K)
 Metaspace       used 148249K, capacity 152349K, committed 152652K, reserved 1181696K
  class space    used 18438K, capacity 19941K, committed 20044K, reserved 1048576K
}
Event: 1206.069 GC heap before
{Heap before GC invocations=125 (full 0):
 garbage-first heap   total 242688K, used 176389K [0x0000000080000000, 0x0000000100000000)
  region size 1024K, 31 young (31744K), 3 survivors (3072K)
 Metaspace       used 150682K, capacity 155121K, committed 155340K, reserved 1183744K
  class space    used 18812K, capacity 20417K, committed 20428K, reserved 1048576K
}

