# JRE version: OpenJDK Runtime Environment (11.0.10) (build 11.0.10+0-b96-7249189)
# Java VM: OpenJDK 64-Bit Server VM (11.0.10+0-b96-7249189, mixed mode, tiered, compressed oops, g1 gc, windows-amd64)
Heap:
 garbage-first heap   total 164864K, used 98460K [0x0000000080000000, 0x0000000100000000)
  region size 1024K, 4 young (4096K), 4 survivors (4096K)
 Metaspace       used 100844K, capacity 103098K, committed 103164K, reserved 1144832K
  class space    used 12808K, capacity 13649K, committed 13696K, reserved 1048576K
GC Heap History (20 events):
Event: 197.797 GC heap before
{Heap before GC invocations=116 (full 0):
 garbage-first heap   total 164864K, used 101978K [0x0000000080000000, 0x0000000100000000)
  region size 1024K, 8 young (8192K), 3 survivors (3072K)
 Metaspace       used 91681K, capacity 93795K, committed 94076K, reserved 1130496K
  class space    used 11701K, capacity 12455K, committed 12544K, reserved 1048576K
}
Event: 197.824 GC heap after
{Heap after GC invocations=117 (full 0):
 garbage-first heap   total 164864K, used 90815K [0x0000000080000000, 0x0000000100000000)
  region size 1024K, 1 young (1024K), 1 survivors (1024K)
 Metaspace       used 91681K, capacity 93795K, committed 94076K, reserved 1130496K
  class space    used 11701K, capacity 12455K, committed 12544K, reserved 1048576K
}
Event: 200.114 GC heap before
{Heap before GC invocations=117 (full 0):
 garbage-first heap   total 164864K, used 117439K [0x0000000080000000, 0x0000000100000000)
  region size 1024K, 28 young (28672K), 1 survivors (1024K)
 Metaspace       used 92294K, capacity 94395K, committed 94588K, reserved 1132544K
  class space    used 11770K, capacity 12533K, committed 12544K, reserved 1048576K
}
Event: 200.130 GC heap after
{Heap after GC invocations=118 (full 0):
 garbage-first heap   total 164864K, used 92166K [0x0000000080000000, 0x0000000100000000)
  region size 1024K, 2 young (2048K), 2 survivors (2048K)
 Metaspace       used 92294K, capacity 94395K, committed 94588K, reserved 1132544K
  class space    used 11770K, capacity 12533K, committed 12544K, reserved 1048576K
}
Event: 202.144 GC heap before
{Heap before GC invocations=119 (full 0):
 garbage-first heap   total 164864K, used 117766K [0x0000000080000000, 0x0000000100000000)
  region size 1024K, 31 young (31744K), 2 survivors (2048K)
 Metaspace       used 94444K, capacity 96543K, committed 96764K, reserved 1132544K
  class space    used 12059K, capacity 12821K, committed 12928K, reserved 1048576K
}
Event: 202.157 GC heap after
{Heap after GC invocations=120 (full 0):
 garbage-first heap   total 164864K, used 89549K [0x0000000080000000, 0x0000000100000000)
  region size 1024K, 3 young (3072K), 3 survivors (3072K)
 Metaspace       used 94444K, capacity 96543K, committed 96764K, reserved 1132544K
  class space    used 12059K, capacity 12821K, committed 12928K, reserved 1048576K
}
Event: 202.408 GC heap before
{Heap before GC invocations=120 (full 0):
 garbage-first heap   total 164864K, used 94669K [0x0000000080000000, 0x0000000100000000)
  region size 1024K, 8 young (8192K), 3 survivors (3072K)
 Metaspace       used 94870K, capacity 96959K, committed 97276K, reserved 1134592K
  class space    used 12109K, capacity 12853K, committed 12928K, reserved 1048576K
}
Event: 202.421 GC heap after
{Heap after GC invocations=121 (full 0):
 garbage-first heap   total 164864K, used 85583K [0x0000000080000000, 0x0000000100000000)
  region size 1024K, 1 young (1024K), 1 survivors (1024K)
 Metaspace       used 94870K, capacity 96959K, committed 97276K, reserved 1134592K
  class space    used 12109K, capacity 12853K, committed 12928K, reserved 1048576K
}
Event: 209.704 GC heap before
{Heap before GC invocations=121 (full 0):
 garbage-first heap   total 164864K, used 118351K [0x0000000080000000, 0x0000000100000000)
  region size 1024K, 33 young (33792K), 1 survivors (1024K)
 Metaspace       used 95667K, capacity 97771K, committed 97916K, reserved 1134592K
  class space    used 12174K, capacity 12950K, committed 13056K, reserved 1048576K
}
Event: 209.726 GC heap after
{Heap after GC invocations=122 (full 0):
 garbage-first heap   total 164864K, used 88520K [0x0000000080000000, 0x0000000100000000)
  region size 1024K, 4 young (4096K), 4 survivors (4096K)
 Metaspace       used 95667K, capacity 97771K, committed 97916K, reserved 1134592K
  class space    used 12174K, capacity 12950K, committed 13056K, reserved 1048576K
}
Event: 249.783 GC heap before
{Heap before GC invocations=123 (full 0):
 garbage-first heap   total 164864K, used 122312K [0x0000000080000000, 0x0000000100000000)
  region size 1024K, 37 young (37888K), 4 survivors (4096K)
 Metaspace       used 96308K, capacity 98426K, committed 98684K, reserved 1134592K
  class space    used 12245K, capacity 13000K, committed 13056K, reserved 1048576K
}
Event: 249.815 GC heap after
{Heap after GC invocations=124 (full 0):
 garbage-first heap   total 164864K, used 92067K [0x0000000080000000, 0x0000000100000000)
  region size 1024K, 4 young (4096K), 4 survivors (4096K)
 Metaspace       used 96308K, capacity 98426K, committed 98684K, reserved 1134592K
  class space    used 12245K, capacity 13000K, committed 13056K, reserved 1048576K
}
Event: 251.516 GC heap before
{Heap before GC invocations=124 (full 0):
 garbage-first heap   total 164864K, used 126883K [0x0000000080000000, 0x0000000100000000)
  region size 1024K, 38 young (38912K), 4 survivors (4096K)
 Metaspace       used 96672K, capacity 98778K, committed 98940K, reserved 1134592K
  class space    used 12275K, capacity 13032K, committed 13056K, reserved 1048576K
}
Event: 251.539 GC heap after
{Heap after GC invocations=125 (full 0):
 garbage-first heap   total 164864K, used 92561K [0x0000000080000000, 0x0000000100000000)
  region size 1024K, 3 young (3072K), 3 survivors (3072K)
 Metaspace       used 96672K, capacity 98778K, committed 98940K, reserved 1134592K
  class space    used 12275K, capacity 13032K, committed 13056K, reserved 1048576K
}
Event: 255.290 GC heap before
{Heap before GC invocations=126 (full 0):
 garbage-first heap   total 164864K, used 131473K [0x0000000080000000, 0x0000000100000000)
  region size 1024K, 42 young (43008K), 3 survivors (3072K)
 Metaspace       used 98545K, capacity 100676K, committed 100732K, reserved 1136640K
  class space    used 12498K, capacity 13258K, committed 13312K, reserved 1048576K
}
Event: 255.323 GC heap after
{Heap after GC invocations=127 (full 0):
 garbage-first heap   total 164864K, used 94952K [0x0000000080000000, 0x0000000100000000)
  region size 1024K, 5 young (5120K), 5 survivors (5120K)
 Metaspace       used 98545K, capacity 100676K, committed 100732K, reserved 1136640K
  class space    used 12498K, capacity 13258K, committed 13312K, reserved 1048576K
}
Event: 292.557 GC heap before
{Heap before GC invocations=127 (full 0):
 garbage-first heap   total 164864K, used 132840K [0x0000000080000000, 0x0000000100000000)
  region size 1024K, 42 young (43008K), 5 survivors (5120K)
 Metaspace       used 100724K, capacity 102969K, committed 103164K, reserved 1138688K
  class space    used 12795K, capacity 13649K, committed 13696K, reserved 1048576K
}
Event: 292.600 GC heap after
{Heap after GC invocations=128 (full 0):
 garbage-first heap   total 164864K, used 98044K [0x0000000080000000, 0x0000000100000000)
  region size 1024K, 6 young (6144K), 6 survivors (6144K)
 Metaspace       used 100724K, capacity 102969K, committed 103164K, reserved 1138688K
  class space    used 12795K, capacity 13649K, committed 13696K, reserved 1048576K
}
Event: 368.092 GC heap before
{Heap before GC invocations=129 (full 0):
 garbage-first heap   total 164864K, used 101116K [0x0000000080000000, 0x0000000100000000)
  region size 1024K, 10 young (10240K), 6 survivors (6144K)
 Metaspace       used 100844K, capacity 103098K, committed 103164K, reserved 1144832K
  class space    used 12808K, capacity 13649K, committed 13696K, reserved 1048576K
}
Event: 368.118 GC heap after
{Heap after GC invocations=130 (full 0):
 garbage-first heap   total 164864K, used 98460K [0x0000000080000000, 0x0000000100000000)
  region size 1024K, 4 young (4096K), 4 survivors (4096K)
 Metaspace       used 100844K, capacity 103098K, committed 103164K, reserved 1144832K
  class space    used 12808K, capacity 13649K, committed 13696K, reserved 1048576K
}

