# JRE version: OpenJDK Runtime Environment (11.0.10) (build 11.0.10+0-b96-7249189)
# Java VM: OpenJDK 64-Bit Server VM (11.0.10+0-b96-7249189, mixed mode, tiered, compressed oops, g1 gc, windows-amd64)
Heap:
 garbage-first heap   total 659456K, used 155414K [0x0000000080000000, 0x0000000100000000)
  region size 1024K, 2 young (2048K), 2 survivors (2048K)
 Metaspace       used 204400K, capacity 210046K, committed 210556K, reserved 1232896K
  class space    used 24941K, capacity 27009K, committed 27136K, reserved 1048576K
GC Heap History (20 events):
Event: 1498.965 GC heap after
{Heap after GC invocations=255 (full 0):
 garbage-first heap   total 218112K, used 143961K [0x0000000080000000, 0x0000000100000000)
  region size 1024K, 5 young (5120K), 5 survivors (5120K)
 Metaspace       used 195057K, capacity 200309K, committed 200444K, reserved 1224704K
  class space    used 23551K, capacity 25463K, committed 25472K, reserved 1048576K
}
Event: 1499.045 GC heap before
{Heap before GC invocations=255 (full 0):
 garbage-first heap   total 218112K, used 149081K [0x0000000080000000, 0x0000000100000000)
  region size 1024K, 10 young (10240K), 5 survivors (5120K)
 Metaspace       used 195072K, capacity 200315K, committed 200444K, reserved 1224704K
  class space    used 23553K, capacity 25465K, committed 25472K, reserved 1048576K
}
Event: 1499.471 GC heap after
{Heap after GC invocations=256 (full 0):
 garbage-first heap   total 218112K, used 133293K [0x0000000080000000, 0x0000000100000000)
  region size 1024K, 1 young (1024K), 1 survivors (1024K)
 Metaspace       used 195072K, capacity 200315K, committed 200444K, reserved 1224704K
  class space    used 23553K, capacity 25465K, committed 25472K, reserved 1048576K
}
Event: 1499.669 GC heap before
{Heap before GC invocations=256 (full 0):
 garbage-first heap   total 218112K, used 161965K [0x0000000080000000, 0x0000000100000000)
  region size 1024K, 29 young (29696K), 1 survivors (1024K)
 Metaspace       used 195110K, capacity 200379K, committed 200444K, reserved 1224704K
  class space    used 23553K, capacity 25465K, committed 25472K, reserved 1048576K
}
Event: 1499.708 GC heap after
{Heap after GC invocations=257 (full 0):
 garbage-first heap   total 324608K, used 132878K [0x0000000080000000, 0x0000000100000000)
  region size 1024K, 1 young (1024K), 1 survivors (1024K)
 Metaspace       used 195110K, capacity 200379K, committed 200444K, reserved 1224704K
  class space    used 23553K, capacity 25465K, committed 25472K, reserved 1048576K
}
Event: 1513.818 GC heap before
{Heap before GC invocations=258 (full 0):
 garbage-first heap   total 324608K, used 174862K [0x0000000080000000, 0x0000000100000000)
  region size 1024K, 41 young (41984K), 1 survivors (1024K)
 Metaspace       used 199529K, capacity 204975K, committed 205052K, reserved 1228800K
  class space    used 24203K, capacity 26163K, committed 26240K, reserved 1048576K
}
Event: 1513.874 GC heap after
{Heap after GC invocations=259 (full 0):
 garbage-first heap   total 324608K, used 135859K [0x0000000080000000, 0x0000000100000000)
  region size 1024K, 4 young (4096K), 4 survivors (4096K)
 Metaspace       used 199529K, capacity 204975K, committed 205052K, reserved 1228800K
  class space    used 24203K, capacity 26163K, committed 26240K, reserved 1048576K
}
Event: 1522.380 GC heap before
{Heap before GC invocations=259 (full 0):
 garbage-first heap   total 324608K, used 175795K [0x0000000080000000, 0x0000000100000000)
  region size 1024K, 44 young (45056K), 4 survivors (4096K)
 Metaspace       used 204087K, capacity 209875K, committed 210044K, reserved 1232896K
  class space    used 24981K, capacity 27122K, committed 27136K, reserved 1048576K
}
Event: 1522.543 GC heap after
{Heap after GC invocations=260 (full 0):
 garbage-first heap   total 324608K, used 141177K [0x0000000080000000, 0x0000000100000000)
  region size 1024K, 6 young (6144K), 6 survivors (6144K)
 Metaspace       used 204087K, capacity 209875K, committed 210044K, reserved 1232896K
  class space    used 24981K, capacity 27122K, committed 27136K, reserved 1048576K
}
Event: 1523.504 GC heap before
{Heap before GC invocations=260 (full 0):
 garbage-first heap   total 324608K, used 163705K [0x0000000080000000, 0x0000000100000000)
  region size 1024K, 31 young (31744K), 6 survivors (6144K)
 Metaspace       used 204369K, capacity 210149K, committed 210300K, reserved 1232896K
  class space    used 25001K, capacity 27126K, committed 27136K, reserved 1048576K
}
Event: 1523.607 GC heap after
{Heap after GC invocations=261 (full 0):
 garbage-first heap   total 324608K, used 144006K [0x0000000080000000, 0x0000000100000000)
  region size 1024K, 4 young (4096K), 4 survivors (4096K)
 Metaspace       used 204369K, capacity 210149K, committed 210300K, reserved 1232896K
  class space    used 25001K, capacity 27126K, committed 27136K, reserved 1048576K
}
Event: 1524.037 GC heap before
{Heap before GC invocations=262 (full 0):
 garbage-first heap   total 324608K, used 163462K [0x0000000080000000, 0x0000000100000000)
  region size 1024K, 23 young (23552K), 4 survivors (4096K)
 Metaspace       used 204527K, capacity 210357K, committed 210556K, reserved 1232896K
  class space    used 25006K, capacity 27127K, committed 27136K, reserved 1048576K
}
Event: 1524.122 GC heap after
{Heap after GC invocations=263 (full 0):
 garbage-first heap   total 324608K, used 148480K [0x0000000080000000, 0x0000000100000000)
  region size 1024K, 3 young (3072K), 3 survivors (3072K)
 Metaspace       used 204527K, capacity 210357K, committed 210556K, reserved 1232896K
  class space    used 25006K, capacity 27127K, committed 27136K, reserved 1048576K
}
Event: 1524.317 GC heap before
{Heap before GC invocations=263 (full 0):
 garbage-first heap   total 324608K, used 160768K [0x0000000080000000, 0x0000000100000000)
  region size 1024K, 15 young (15360K), 3 survivors (3072K)
 Metaspace       used 204554K, capacity 210358K, committed 210556K, reserved 1232896K
  class space    used 25006K, capacity 27127K, committed 27136K, reserved 1048576K
}
Event: 1525.820 GC heap after
{Heap after GC invocations=264 (full 0):
 garbage-first heap   total 324608K, used 150506K [0x0000000080000000, 0x0000000100000000)
  region size 1024K, 2 young (2048K), 2 survivors (2048K)
 Metaspace       used 204554K, capacity 210358K, committed 210556K, reserved 1232896K
  class space    used 25006K, capacity 27127K, committed 27136K, reserved 1048576K
}
Event: 1525.984 GC heap before
{Heap before GC invocations=264 (full 0):
 garbage-first heap   total 324608K, used 163818K [0x0000000080000000, 0x0000000100000000)
  region size 1024K, 15 young (15360K), 2 survivors (2048K)
 Metaspace       used 204589K, capacity 210364K, committed 210556K, reserved 1232896K
  class space    used 25006K, capacity 27127K, committed 27136K, reserved 1048576K
}
Event: 1526.211 GC heap after
{Heap after GC invocations=265 (full 0):
 garbage-first heap   total 324608K, used 153351K [0x0000000080000000, 0x0000000100000000)
  region size 1024K, 2 young (2048K), 2 survivors (2048K)
 Metaspace       used 204589K, capacity 210364K, committed 210556K, reserved 1232896K
  class space    used 25006K, capacity 27127K, committed 27136K, reserved 1048576K
}
Event: 1527.310 GC heap before
{Heap before GC invocations=266 (full 0):
 garbage-first heap   total 324608K, used 166663K [0x0000000080000000, 0x0000000100000000)
  region size 1024K, 15 young (15360K), 2 survivors (2048K)
 Metaspace       used 204397K, capacity 210046K, committed 210556K, reserved 1232896K
  class space    used 24941K, capacity 27009K, committed 27136K, reserved 1048576K
}
Event: 1527.677 GC heap after
{Heap after GC invocations=267 (full 0):
 garbage-first heap   total 324608K, used 156223K [0x0000000080000000, 0x0000000100000000)
  region size 1024K, 2 young (2048K), 2 survivors (2048K)
 Metaspace       used 204397K, capacity 210046K, committed 210556K, reserved 1232896K
  class space    used 24941K, capacity 27009K, committed 27136K, reserved 1048576K
}
Event: 1527.835 GC heap before
{Heap before GC invocations=267 (full 0):
 garbage-first heap   total 324608K, used 169535K [0x0000000080000000, 0x0000000100000000)
  region size 1024K, 15 young (15360K), 2 survivors (2048K)
 Metaspace       used 204400K, capacity 210046K, committed 210556K, reserved 1232896K
  class space    used 24941K, capacity 27009K, committed 27136K, reserved 1048576K
}

