# JRE version: OpenJDK Runtime Environment (11.0.10) (build 11.0.10+0-b96-7249189)
# Java VM: OpenJDK 64-Bit Server VM (11.0.10+0-b96-7249189, mixed mode, tiered, compressed oops, g1 gc, windows-amd64)
Heap:
 garbage-first heap   total 522240K, used 128615K [0x0000000080000000, 0x0000000100000000)
  region size 1024K, 2 young (2048K), 2 survivors (2048K)
 Metaspace       used 161155K, capacity 166295K, committed 166524K, reserved 1193984K
  class space    used 20217K, capacity 22168K, committed 22272K, reserved 1048576K
GC Heap History (20 events):
Event: 2301.292 GC heap after
{Heap after GC invocations=175 (full 0):
 garbage-first heap   total 218112K, used 123142K [0x0000000080000000, 0x0000000100000000)
  region size 1024K, 1 young (1024K), 1 survivors (1024K)
 Metaspace       used 148121K, capacity 152458K, committed 152956K, reserved 1181696K
  class space    used 18397K, capacity 20041K, committed 20224K, reserved 1048576K
}
Event: 2302.618 GC heap before
{Heap before GC invocations=175 (full 0):
 garbage-first heap   total 218112K, used 131334K [0x0000000080000000, 0x0000000100000000)
  region size 1024K, 10 young (10240K), 1 survivors (1024K)
 Metaspace       used 150187K, capacity 154474K, committed 155004K, reserved 1183744K
  class space    used 18637K, capacity 20265K, committed 20480K, reserved 1048576K
}
Event: 2302.748 GC heap after
{Heap after GC invocations=176 (full 0):
 garbage-first heap   total 369664K, used 122863K [0x0000000080000000, 0x0000000100000000)
  region size 1024K, 1 young (1024K), 1 survivors (1024K)
 Metaspace       used 150187K, capacity 154474K, committed 155004K, reserved 1183744K
  class space    used 18637K, capacity 20265K, committed 20480K, reserved 1048576K
}
Event: 2316.501 GC heap before
{Heap before GC invocations=176 (full 0):
 garbage-first heap   total 369664K, used 140271K [0x0000000080000000, 0x0000000100000000)
  region size 1024K, 18 young (18432K), 1 survivors (1024K)
 Metaspace       used 153223K, capacity 157520K, committed 157948K, reserved 1185792K
  class space    used 19030K, capacity 20682K, committed 20864K, reserved 1048576K
}
Event: 2316.525 GC heap after
{Heap after GC invocations=177 (full 0):
 garbage-first heap   total 369664K, used 124254K [0x0000000080000000, 0x0000000100000000)
  region size 1024K, 3 young (3072K), 3 survivors (3072K)
 Metaspace       used 153223K, capacity 157520K, committed 157948K, reserved 1185792K
  class space    used 19030K, capacity 20682K, committed 20864K, reserved 1048576K
}
Event: 2318.524 GC heap before
{Heap before GC invocations=178 (full 0):
 garbage-first heap   total 369664K, used 138590K [0x0000000080000000, 0x0000000100000000)
  region size 1024K, 18 young (18432K), 3 survivors (3072K)
 Metaspace       used 154434K, capacity 158780K, committed 159356K, reserved 1187840K
  class space    used 19164K, capacity 20804K, committed 20992K, reserved 1048576K
}
Event: 2318.813 GC heap after
{Heap after GC invocations=179 (full 0):
 garbage-first heap   total 369664K, used 124303K [0x0000000080000000, 0x0000000100000000)
  region size 1024K, 2 young (2048K), 2 survivors (2048K)
 Metaspace       used 154434K, capacity 158780K, committed 159356K, reserved 1187840K
  class space    used 19164K, capacity 20804K, committed 20992K, reserved 1048576K
}
Event: 2321.126 GC heap before
{Heap before GC invocations=179 (full 0):
 garbage-first heap   total 369664K, used 140687K [0x0000000080000000, 0x0000000100000000)
  region size 1024K, 18 young (18432K), 2 survivors (2048K)
 Metaspace       used 157258K, capacity 161767K, committed 162044K, reserved 1189888K
  class space    used 19605K, capacity 21311K, committed 21376K, reserved 1048576K
}
Event: 2321.137 GC heap after
{Heap after GC invocations=180 (full 0):
 garbage-first heap   total 369664K, used 124777K [0x0000000080000000, 0x0000000100000000)
  region size 1024K, 2 young (2048K), 2 survivors (2048K)
 Metaspace       used 157258K, capacity 161767K, committed 162044K, reserved 1189888K
  class space    used 19605K, capacity 21311K, committed 21376K, reserved 1048576K
}
Event: 2322.840 GC heap before
{Heap before GC invocations=181 (full 0):
 garbage-first heap   total 369664K, used 141161K [0x0000000080000000, 0x0000000100000000)
  region size 1024K, 18 young (18432K), 2 survivors (2048K)
 Metaspace       used 157953K, capacity 162541K, committed 162684K, reserved 1189888K
  class space    used 19726K, capacity 21484K, committed 21504K, reserved 1048576K
}
Event: 2322.898 GC heap after
{Heap after GC invocations=182 (full 0):
 garbage-first heap   total 369664K, used 126138K [0x0000000080000000, 0x0000000100000000)
  region size 1024K, 3 young (3072K), 3 survivors (3072K)
 Metaspace       used 157953K, capacity 162541K, committed 162684K, reserved 1189888K
  class space    used 19726K, capacity 21484K, committed 21504K, reserved 1048576K
}
Event: 2323.509 GC heap before
{Heap before GC invocations=182 (full 0):
 garbage-first heap   total 369664K, used 136378K [0x0000000080000000, 0x0000000100000000)
  region size 1024K, 14 young (14336K), 3 survivors (3072K)
 Metaspace       used 158535K, capacity 163191K, committed 163324K, reserved 1191936K
  class space    used 19818K, capacity 21594K, committed 21632K, reserved 1048576K
}
Event: 2323.524 GC heap after
{Heap after GC invocations=183 (full 0):
 garbage-first heap   total 369664K, used 126470K [0x0000000080000000, 0x0000000100000000)
  region size 1024K, 2 young (2048K), 2 survivors (2048K)
 Metaspace       used 158535K, capacity 163191K, committed 163324K, reserved 1191936K
  class space    used 19818K, capacity 21594K, committed 21632K, reserved 1048576K
}
Event: 2325.344 GC heap before
{Heap before GC invocations=184 (full 0):
 garbage-first heap   total 369664K, used 143878K [0x0000000080000000, 0x0000000100000000)
  region size 1024K, 18 young (18432K), 2 survivors (2048K)
 Metaspace       used 160153K, capacity 165046K, committed 165244K, reserved 1191936K
  class space    used 20056K, capacity 21915K, committed 22016K, reserved 1048576K
}
Event: 2325.512 GC heap after
{Heap after GC invocations=185 (full 0):
 garbage-first heap   total 369664K, used 128885K [0x0000000080000000, 0x0000000100000000)
  region size 1024K, 2 young (2048K), 2 survivors (2048K)
 Metaspace       used 160153K, capacity 165046K, committed 165244K, reserved 1191936K
  class space    used 20056K, capacity 21915K, committed 22016K, reserved 1048576K
}
Event: 2326.185 GC heap before
{Heap before GC invocations=185 (full 0):
 garbage-first heap   total 369664K, used 145269K [0x0000000080000000, 0x0000000100000000)
  region size 1024K, 18 young (18432K), 2 survivors (2048K)
 Metaspace       used 160654K, capacity 165593K, committed 165884K, reserved 1193984K
  class space    used 20140K, capacity 22032K, committed 22144K, reserved 1048576K
}
Event: 2326.267 GC heap after
{Heap after GC invocations=186 (full 0):
 garbage-first heap   total 369664K, used 129504K [0x0000000080000000, 0x0000000100000000)
  region size 1024K, 2 young (2048K), 2 survivors (2048K)
 Metaspace       used 160654K, capacity 165593K, committed 165884K, reserved 1193984K
  class space    used 20140K, capacity 22032K, committed 22144K, reserved 1048576K
}
Event: 2329.606 GC heap before
{Heap before GC invocations=187 (full 0):
 garbage-first heap   total 369664K, used 145888K [0x0000000080000000, 0x0000000100000000)
  region size 1024K, 18 young (18432K), 2 survivors (2048K)
 Metaspace       used 161071K, capacity 166231K, committed 166524K, reserved 1193984K
  class space    used 20213K, capacity 22168K, committed 22272K, reserved 1048576K
}
Event: 2329.865 GC heap after
{Heap after GC invocations=188 (full 0):
 garbage-first heap   total 369664K, used 128641K [0x0000000080000000, 0x0000000100000000)
  region size 1024K, 2 young (2048K), 2 survivors (2048K)
 Metaspace       used 161071K, capacity 166231K, committed 166524K, reserved 1193984K
  class space    used 20213K, capacity 22168K, committed 22272K, reserved 1048576K
}
Event: 2591.437 GC heap before
{Heap before GC invocations=188 (full 0):
 garbage-first heap   total 369664K, used 145025K [0x0000000080000000, 0x0000000100000000)
  region size 1024K, 18 young (18432K), 2 survivors (2048K)
 Metaspace       used 161155K, capacity 166295K, committed 166524K, reserved 1193984K
  class space    used 20217K, capacity 22168K, committed 22272K, reserved 1048576K
}

