# JRE version: OpenJDK Runtime Environment (11.0.10) (build 11.0.10+0-b96-7249189)
# Java VM: OpenJDK 64-Bit Server VM (11.0.10+0-b96-7249189, mixed mode, tiered, compressed oops, g1 gc, windows-amd64)
Heap:
 garbage-first heap   total 947200K, used 153938K [0x0000000080000000, 0x0000000100000000)
  region size 1024K, 1 young (1024K), 1 survivors (1024K)
 Metaspace       used 173485K, capacity 179021K, committed 184956K, reserved 1210368K
  class space    used 21231K, capacity 23288K, committed 25088K, reserved 1048576K
GC Heap History (20 events):
Event: 14434.864 GC heap after
{Heap after GC invocations=296 (full 0):
 garbage-first heap   total 566272K, used 148203K [0x0000000080000000, 0x0000000100000000)
  region size 1024K, 2 young (2048K), 2 survivors (2048K)
 Metaspace       used 181217K, capacity 186861K, committed 187132K, reserved 1212416K
  class space    used 22184K, capacity 24331K, committed 24448K, reserved 1048576K
}
Event: 14437.027 GC heap before
{Heap before GC invocations=297 (full 0):
 garbage-first heap   total 566272K, used 173803K [0x0000000080000000, 0x0000000100000000)
  region size 1024K, 27 young (27648K), 2 survivors (2048K)
 Metaspace       used 182639K, capacity 188524K, committed 188668K, reserved 1214464K
  class space    used 22425K, capacity 24651K, committed 24704K, reserved 1048576K
}
Event: 14437.079 GC heap after
{Heap after GC invocations=298 (full 0):
 garbage-first heap   total 566272K, used 148636K [0x0000000080000000, 0x0000000100000000)
  region size 1024K, 3 young (3072K), 3 survivors (3072K)
 Metaspace       used 182639K, capacity 188524K, committed 188668K, reserved 1214464K
  class space    used 22425K, capacity 24651K, committed 24704K, reserved 1048576K
}
Event: 14438.436 GC heap before
{Heap before GC invocations=298 (full 0):
 garbage-first heap   total 566272K, used 173212K [0x0000000080000000, 0x0000000100000000)
  region size 1024K, 27 young (27648K), 3 survivors (3072K)
 Metaspace       used 184266K, capacity 190312K, committed 190588K, reserved 1214464K
  class space    used 22662K, capacity 24968K, committed 25088K, reserved 1048576K
}
Event: 14438.641 GC heap after
{Heap after GC invocations=299 (full 0):
 garbage-first heap   total 566272K, used 149106K [0x0000000080000000, 0x0000000100000000)
  region size 1024K, 3 young (3072K), 3 survivors (3072K)
 Metaspace       used 184266K, capacity 190312K, committed 190588K, reserved 1214464K
  class space    used 22662K, capacity 24968K, committed 25088K, reserved 1048576K
}
Event: 14447.605 GC heap before
{Heap before GC invocations=299 (full 0):
 garbage-first heap   total 566272K, used 172658K [0x0000000080000000, 0x0000000100000000)
  region size 1024K, 27 young (27648K), 3 survivors (3072K)
 Metaspace       used 184339K, capacity 190413K, committed 190588K, reserved 1214464K
  class space    used 22671K, capacity 24985K, committed 25088K, reserved 1048576K
}
Event: 14447.809 GC heap after
{Heap after GC invocations=300 (full 0):
 garbage-first heap   total 566272K, used 148111K [0x0000000080000000, 0x0000000100000000)
  region size 1024K, 3 young (3072K), 3 survivors (3072K)
 Metaspace       used 184339K, capacity 190413K, committed 190588K, reserved 1214464K
  class space    used 22671K, capacity 24985K, committed 25088K, reserved 1048576K
}
Event: 14557.535 GC heap before
{Heap before GC invocations=301 (full 0):
 garbage-first heap   total 566272K, used 172687K [0x0000000080000000, 0x0000000100000000)
  region size 1024K, 27 young (27648K), 3 survivors (3072K)
 Metaspace       used 184414K, capacity 190555K, committed 190844K, reserved 1214464K
  class space    used 22678K, capacity 24998K, committed 25088K, reserved 1048576K
}
Event: 14557.637 GC heap after
{Heap after GC invocations=302 (full 0):
 garbage-first heap   total 566272K, used 147589K [0x0000000080000000, 0x0000000100000000)
  region size 1024K, 1 young (1024K), 1 survivors (1024K)
 Metaspace       used 184414K, capacity 190555K, committed 190844K, reserved 1214464K
  class space    used 22678K, capacity 24998K, committed 25088K, reserved 1048576K
}
Event: 14572.119 GC heap before
{Heap before GC invocations=302 (full 0):
 garbage-first heap   total 566272K, used 176261K [0x0000000080000000, 0x0000000100000000)
  region size 1024K, 27 young (27648K), 1 survivors (1024K)
 Metaspace       used 184525K, capacity 190761K, committed 191100K, reserved 1216512K
  class space    used 22681K, capacity 25002K, committed 25088K, reserved 1048576K
}
Event: 14572.882 GC heap after
{Heap after GC invocations=303 (full 0):
 garbage-first heap   total 566272K, used 148480K [0x0000000080000000, 0x0000000100000000)
  region size 1024K, 4 young (4096K), 4 survivors (4096K)
 Metaspace       used 184525K, capacity 190761K, committed 191100K, reserved 1216512K
  class space    used 22681K, capacity 25002K, committed 25088K, reserved 1048576K
}
Event: 14574.764 GC heap before
{Heap before GC invocations=303 (full 0):
 garbage-first heap   total 566272K, used 172032K [0x0000000080000000, 0x0000000100000000)
  region size 1024K, 27 young (27648K), 4 survivors (4096K)
 Metaspace       used 184525K, capacity 190761K, committed 191100K, reserved 1216512K
  class space    used 22681K, capacity 25002K, committed 25088K, reserved 1048576K
}
Event: 14575.083 GC heap after
{Heap after GC invocations=304 (full 0):
 garbage-first heap   total 566272K, used 154624K [0x0000000080000000, 0x0000000100000000)
  region size 1024K, 4 young (4096K), 4 survivors (4096K)
 Metaspace       used 184525K, capacity 190761K, committed 191100K, reserved 1216512K
  class space    used 22681K, capacity 25002K, committed 25088K, reserved 1048576K
}
Event: 14579.753 GC heap before
{Heap before GC invocations=305 (full 0):
 garbage-first heap   total 566272K, used 177152K [0x0000000080000000, 0x0000000100000000)
  region size 1024K, 27 young (27648K), 4 survivors (4096K)
 Metaspace       used 173391K, capacity 178886K, committed 184956K, reserved 1210368K
  class space    used 21226K, capacity 23278K, committed 25088K, reserved 1048576K
}
Event: 14580.188 GC heap after
{Heap after GC invocations=306 (full 0):
 garbage-first heap   total 566272K, used 155969K [0x0000000080000000, 0x0000000100000000)
  region size 1024K, 3 young (3072K), 3 survivors (3072K)
 Metaspace       used 173391K, capacity 178886K, committed 184956K, reserved 1210368K
  class space    used 21226K, capacity 23278K, committed 25088K, reserved 1048576K
}
Event: 14585.363 GC heap before
{Heap before GC invocations=306 (full 0):
 garbage-first heap   total 566272K, used 184641K [0x0000000080000000, 0x0000000100000000)
  region size 1024K, 27 young (27648K), 3 survivors (3072K)
 Metaspace       used 173448K, capacity 179011K, committed 184956K, reserved 1210368K
  class space    used 21231K, capacity 23288K, committed 25088K, reserved 1048576K
}
Event: 14585.907 GC heap after
{Heap after GC invocations=307 (full 0):
 garbage-first heap   total 566272K, used 152576K [0x0000000080000000, 0x0000000100000000)
  region size 1024K, 3 young (3072K), 3 survivors (3072K)
 Metaspace       used 173448K, capacity 179011K, committed 184956K, reserved 1210368K
  class space    used 21231K, capacity 23288K, committed 25088K, reserved 1048576K
}
Event: 14589.924 GC heap before
{Heap before GC invocations=307 (full 0):
 garbage-first heap   total 566272K, used 177152K [0x0000000080000000, 0x0000000100000000)
  region size 1024K, 27 young (27648K), 3 survivors (3072K)
 Metaspace       used 173478K, capacity 179021K, committed 184956K, reserved 1210368K
  class space    used 21231K, capacity 23288K, committed 25088K, reserved 1048576K
}
Event: 14599.839 GC heap after
{Heap after GC invocations=308 (full 0):
 garbage-first heap   total 566272K, used 157508K [0x0000000080000000, 0x0000000100000000)
  region size 1024K, 4 young (4096K), 4 survivors (4096K)
 Metaspace       used 173478K, capacity 179021K, committed 184956K, reserved 1210368K
  class space    used 21231K, capacity 23288K, committed 25088K, reserved 1048576K
}
Event: 14603.956 GC heap before
{Heap before GC invocations=309 (full 0):
 garbage-first heap   total 566272K, used 176964K [0x0000000080000000, 0x0000000100000000)
  region size 1024K, 27 young (27648K), 4 survivors (4096K)
 Metaspace       used 173485K, capacity 179021K, committed 184956K, reserved 1210368K
  class space    used 21231K, capacity 23288K, committed 25088K, reserved 1048576K
}

