# JRE version: OpenJDK Runtime Environment (11.0.10) (build 11.0.10+0-b96-7249189)
# Java VM: OpenJDK 64-Bit Server VM (11.0.10+0-b96-7249189, mixed mode, tiered, compressed oops, g1 gc, windows-amd64)
Heap:
 garbage-first heap   total 308224K, used 125428K [0x0000000080000000, 0x0000000100000000)
  region size 1024K, 9 young (9216K), 4 survivors (4096K)
 Metaspace       used 140323K, capacity 144212K, committed 144384K, reserved 1175552K
  class space    used 17606K, capacity 19100K, committed 19200K, reserved 1048576K
GC Heap History (20 events):
Event: 3855.881 GC heap before
{Heap before GC invocations=144 (full 0):
 garbage-first heap   total 202752K, used 121836K [0x0000000080000000, 0x0000000100000000)
  region size 1024K, 9 young (9216K), 3 survivors (3072K)
 Metaspace       used 125181K, capacity 128210K, committed 128384K, reserved 1161216K
  class space    used 15545K, capacity 16671K, committed 16768K, reserved 1048576K
}
Event: 3856.624 GC heap after
{Heap after GC invocations=145 (full 0):
 garbage-first heap   total 308224K, used 115787K [0x0000000080000000, 0x0000000100000000)
  region size 1024K, 1 young (1024K), 1 survivors (1024K)
 Metaspace       used 125181K, capacity 128210K, committed 128384K, reserved 1161216K
  class space    used 15545K, capacity 16671K, committed 16768K, reserved 1048576K
}
Event: 3859.472 GC heap before
{Heap before GC invocations=145 (full 0):
 garbage-first heap   total 308224K, used 130123K [0x0000000080000000, 0x0000000100000000)
  region size 1024K, 15 young (15360K), 1 survivors (1024K)
 Metaspace       used 128057K, capacity 131129K, committed 131200K, reserved 1163264K
  class space    used 15884K, capacity 17006K, committed 17024K, reserved 1048576K
}
Event: 3859.488 GC heap after
{Heap after GC invocations=146 (full 0):
 garbage-first heap   total 308224K, used 116554K [0x0000000080000000, 0x0000000100000000)
  region size 1024K, 2 young (2048K), 2 survivors (2048K)
 Metaspace       used 128057K, capacity 131129K, committed 131200K, reserved 1163264K
  class space    used 15884K, capacity 17006K, committed 17024K, reserved 1048576K
}
Event: 3860.960 GC heap before
{Heap before GC invocations=147 (full 0):
 garbage-first heap   total 308224K, used 129866K [0x0000000080000000, 0x0000000100000000)
  region size 1024K, 15 young (15360K), 2 survivors (2048K)
 Metaspace       used 130472K, capacity 133570K, committed 133888K, reserved 1165312K
  class space    used 16210K, capacity 17328K, committed 17408K, reserved 1048576K
}
Event: 3861.031 GC heap after
{Heap after GC invocations=148 (full 0):
 garbage-first heap   total 308224K, used 117723K [0x0000000080000000, 0x0000000100000000)
  region size 1024K, 2 young (2048K), 2 survivors (2048K)
 Metaspace       used 130472K, capacity 133570K, committed 133888K, reserved 1165312K
  class space    used 16210K, capacity 17328K, committed 17408K, reserved 1048576K
}
Event: 3861.947 GC heap before
{Heap before GC invocations=148 (full 0):
 garbage-first heap   total 308224K, used 130011K [0x0000000080000000, 0x0000000100000000)
  region size 1024K, 15 young (15360K), 2 survivors (2048K)
 Metaspace       used 131482K, capacity 134638K, committed 134784K, reserved 1167360K
  class space    used 16312K, capacity 17471K, committed 17536K, reserved 1048576K
}
Event: 3861.983 GC heap after
{Heap after GC invocations=149 (full 0):
 garbage-first heap   total 308224K, used 117997K [0x0000000080000000, 0x0000000100000000)
  region size 1024K, 1 young (1024K), 1 survivors (1024K)
 Metaspace       used 131482K, capacity 134638K, committed 134784K, reserved 1167360K
  class space    used 16312K, capacity 17471K, committed 17536K, reserved 1048576K
}
Event: 3864.011 GC heap before
{Heap before GC invocations=150 (full 0):
 garbage-first heap   total 308224K, used 132333K [0x0000000080000000, 0x0000000100000000)
  region size 1024K, 15 young (15360K), 1 survivors (1024K)
 Metaspace       used 133383K, capacity 136579K, committed 136704K, reserved 1167360K
  class space    used 16599K, capacity 17800K, committed 17920K, reserved 1048576K
}
Event: 3864.034 GC heap after
{Heap after GC invocations=151 (full 0):
 garbage-first heap   total 308224K, used 118345K [0x0000000080000000, 0x0000000100000000)
  region size 1024K, 1 young (1024K), 1 survivors (1024K)
 Metaspace       used 133383K, capacity 136579K, committed 136704K, reserved 1167360K
  class space    used 16599K, capacity 17800K, committed 17920K, reserved 1048576K
}
Event: 3865.313 GC heap before
{Heap before GC invocations=151 (full 0):
 garbage-first heap   total 308224K, used 135753K [0x0000000080000000, 0x0000000100000000)
  region size 1024K, 18 young (18432K), 1 survivors (1024K)
 Metaspace       used 135187K, capacity 138578K, committed 138752K, reserved 1169408K
  class space    used 16876K, capacity 18129K, committed 18176K, reserved 1048576K
}
Event: 3865.330 GC heap after
{Heap after GC invocations=152 (full 0):
 garbage-first heap   total 308224K, used 118985K [0x0000000080000000, 0x0000000100000000)
  region size 1024K, 2 young (2048K), 2 survivors (2048K)
 Metaspace       used 135187K, capacity 138578K, committed 138752K, reserved 1169408K
  class space    used 16876K, capacity 18129K, committed 18176K, reserved 1048576K
}
Event: 3867.471 GC heap before
{Heap before GC invocations=153 (full 0):
 garbage-first heap   total 308224K, used 139465K [0x0000000080000000, 0x0000000100000000)
  region size 1024K, 22 young (22528K), 2 survivors (2048K)
 Metaspace       used 135597K, capacity 138977K, committed 139008K, reserved 1169408K
  class space    used 16889K, capacity 18170K, committed 18176K, reserved 1048576K
}
Event: 3867.523 GC heap after
{Heap after GC invocations=154 (full 0):
 garbage-first heap   total 308224K, used 120489K [0x0000000080000000, 0x0000000100000000)
  region size 1024K, 3 young (3072K), 3 survivors (3072K)
 Metaspace       used 135597K, capacity 138977K, committed 139008K, reserved 1169408K
  class space    used 16889K, capacity 18170K, committed 18176K, reserved 1048576K
}
Event: 3869.046 GC heap before
{Heap before GC invocations=154 (full 0):
 garbage-first heap   total 308224K, used 145065K [0x0000000080000000, 0x0000000100000000)
  region size 1024K, 27 young (27648K), 3 survivors (3072K)
 Metaspace       used 137044K, capacity 140652K, committed 140928K, reserved 1171456K
  class space    used 17113K, capacity 18472K, committed 18560K, reserved 1048576K
}
Event: 3869.072 GC heap after
{Heap after GC invocations=155 (full 0):
 garbage-first heap   total 308224K, used 121161K [0x0000000080000000, 0x0000000100000000)
  region size 1024K, 3 young (3072K), 3 survivors (3072K)
 Metaspace       used 137044K, capacity 140652K, committed 140928K, reserved 1171456K
  class space    used 17113K, capacity 18472K, committed 18560K, reserved 1048576K
}
Event: 3871.237 GC heap before
{Heap before GC invocations=156 (full 0):
 garbage-first heap   total 308224K, used 150857K [0x0000000080000000, 0x0000000100000000)
  region size 1024K, 32 young (32768K), 3 survivors (3072K)
 Metaspace       used 138824K, capacity 142538K, committed 142720K, reserved 1173504K
  class space    used 17373K, capacity 18779K, committed 18816K, reserved 1048576K
}
Event: 3871.276 GC heap after
{Heap after GC invocations=157 (full 0):
 garbage-first heap   total 308224K, used 121804K [0x0000000080000000, 0x0000000100000000)
  region size 1024K, 2 young (2048K), 2 survivors (2048K)
 Metaspace       used 138824K, capacity 142538K, committed 142720K, reserved 1173504K
  class space    used 17373K, capacity 18779K, committed 18816K, reserved 1048576K
}
Event: 3879.973 GC heap before
{Heap before GC invocations=157 (full 0):
 garbage-first heap   total 308224K, used 156620K [0x0000000080000000, 0x0000000100000000)
  region size 1024K, 37 young (37888K), 2 survivors (2048K)
 Metaspace       used 140038K, capacity 143875K, committed 144000K, reserved 1173504K
  class space    used 17552K, capacity 18975K, committed 19072K, reserved 1048576K
}
Event: 3879.994 GC heap after
{Heap after GC invocations=158 (full 0):
 garbage-first heap   total 308224K, used 121332K [0x0000000080000000, 0x0000000100000000)
  region size 1024K, 4 young (4096K), 4 survivors (4096K)
 Metaspace       used 140038K, capacity 143875K, committed 144000K, reserved 1173504K
  class space    used 17552K, capacity 18975K, committed 19072K, reserved 1048576K
}

